MADNESS runtime initialized with 11 threads in the pool and affinity -1 -1 -1
starting at time 0.1

--------------------------------------------
   MADNESS 0.10.1 multiresolution suite
--------------------------------------------

   number of processors ... 1
    processor frequency ... 1.996243e+09
            host system ... Linux
          configured by ... 
          configured on ... qalg027
          configured at ... 2023-06-23T08:58:21
                    CXX ... /home/jsk/anaconda3/envs/madtequila-recipe/conda-bld/madtequila_1687503476263/_build_env/bin/x86_64-conda-linux-gnu-c++
               CXXFLAGS ... -O3 -DNDEBUG -std=c++17
             tuning for ... default
                    MPI ... stubbed out
 multi-threaded runtime ... MADNESS ThreadPool
                   BLAS ... Intel MKL 15294 15294 MFLOP/s
               compiled ... 08:59:46  on  Jun 23 2023


-------------------------------------------------------------------------------------
SOLVING MRA-PNO-F12 as described in 
J.S. Kottmann, F.A. Bischoff, E.F. Valeev
Direct determination of optimal pair-natural orbitals in a real-space representation:
the second-order Møller-Plesset energy
Journal of Chemical Physics ... 2020
-------------------------------------------------------------------------------------


This script will run PNO-MP2 and print out tensors in binary
Call as: pno_integrals inputfile
input is input
ignoring unknown parameter in input file:  ncf
              prefix  mad        # default   prefixes your output/restart/json/plot/etc files
              charge  0.0000e+00 # defined   total molecular charge
                  xc  hf         # defined   XC input line
               smear  0.0000e+00 # default   smearing parameter
               econv  1.0000e-04 # defined   energy convergence
               dconv  5.0000e-04 # defined   density convergence
convergence_criteria  [bsh_residual, total_energy] # default   possible values are: bsh_residual, total_energy, 
                                 #                             each_energy, density
                   k  7          # defined   polynomial order
                   l  5.7559e+01 # derived   user coordinates box size
               deriv  abgv       # default   derivative method                       [abgv, bspline, ble]
           dft_deriv  abgv       # default   derivative method for gga               [abgv, bspline, ble]
                                 #           potentials
             maxrotn  2.5000e-01 # default   step restriction used in autoshift algorithm
             nvalpha  0          # default   number of alpha virtuals to compute
              nvbeta  0          # default   number of beta virtuals to compute
               nopen  0          # default   number of unpaired electrons = nalpha-nbeta
             maxiter  25         # default   maximum number of iterations
                 nio  1          # default   no. of io servers to use
     spin_restricted  true       # default   true if spin restricted
              plotlo  0          # default   range of MOs to print (for both spins if polarized
              plothi  -1         # default   range of MOs to print (for both spins if polarized
            plotdens  false      # default   If true print the density at convergence
            plotcoul  false      # default   If true plot the total coulomb potential at convergence
            localize  boys       # defined   localization method                     [pm, boys, new, canon]
          pointgroup  c1         # derived   use point (sub) group symmetry if       [c1, c2, ci, cs, c2v, c2h, d2, d2h]
                                 #           not localized
             restart  false      # default   if true restart from orbitals on disk
           restartao  false      # default   if true restart from orbitals projected into AO basis (STO3G) on disk
          no_compute  false      # default   if true use orbitals on disk, set value to computed
                save  true       # default   if true save orbitals to disk
              maxsub  10         # default   size of iterative subspace ... set to 0 or 1 to disable
        orbitalshift  0.0000e+00 # default   scf orbital shift: shift the occ orbitals to lower energies
            npt_plot  101        # default   no. of points to use in each dim for plots
           plot_cell  []         # default   lo hi in each dimension for plotting (default is all space)
             aobasis  6-31g      # derived   AO basis used for initial guess (6-31gss, 6-31g, 3-21g, sto-6g, sto-3g)
         derivatives  false      # default   if true calculate nuclear derivatives
              dipole  false      # default   if true calculate dipole moment
      conv_only_dens  false      # default   if true remove bsh_residual from convergence criteria (deprecated)
            psp_calc  false      # default   pseudopotential calculation for all atoms
            pcm_data  none       # default   do a PCM (solvent) calculation
             ac_data  none       # default   do a calculation with asymptotic correction (see ACParameters class in 
                                 #           chem/AC.h for details)
             pure_ae  true       # default   pure all electron calculation with no pseudo-atoms
         print_level  3          # default   0: no output; 1: final energy; 2: iterations; 3: timings; 10: debug
 molecular_structure  inputfile  # default   where to read the molecule from: inputfile or name from the library
              nalpha  3          # derived   number of alpha spin electrons
               nbeta  3          # derived   number of beta  spin electrons
           nmo_alpha  3          # derived   number of alpha spin molecular orbitals
            nmo_beta  3          # derived   number of beta spin molecular orbitals
                  lo  9.0905e-04 # derived   smallest length scale we need to resolve
            protocol  [1.0000e-04, 1.0000e-06] # derived   calculation protocol
                gopt  false      # default   geometry optimizer
                gtol  1.0000e-04 # default   geometry tolerance
               gtest  false      # default   geometry tolerance
                gval  1.0000e-05 # default   value precision
               gprec  1.0000e-04 # default   gradient precision
            gmaxiter  20         # default   optimization maxiter
    ginitial_hessian  false      # default   compute inital hessian for optimization
              algopt  bfgs       # default   algorithm used for optimization         [bfgs, cg]
           nv_factor  1          # default   factor to multiply number of virtual orbitals with when automatically 
                                 #           decreasing nvirt
           vnucextra  2          # default   load balance parameter for nuclear pot
        loadbalparts  2          # default   ??
              nwfile  none       # default   Base name of nwchem output files (.out and .movecs extensions) to read 
                                 #           from
                 ncf  (none,1.0000e+00) # defined   nuclear correlation factor
             hessian  false      # default   compute the hessian matrix
           read_cphf  false      # default   read the converged orbital response for nuclear displacements from file
        restart_cphf  false      # default   read the guess orbital response for nuclear displacements from file
      purify_hessian  false      # default   symmetrize the hessian matrix based on atomic charges

Solving NDIM= 3  with thresh 1.000000e-04     k 7    conv 5.000000e-04 

timer:     Project vnuclear     0.12s     0.12s
constructed nuclear correlation factor of the form
    R   =  1.000000e+00
with eprec  1.000000e-06
which means it's (nearly) a conventional calculation

timer:                 reproject ncf    0.52s 0.52s
timer:        guess density     0.11s     0.11s
timer:   guess Coulomb potn     0.39s     0.39s
timer:       guess lda potn     0.05s     0.05s
timer:        guess overlap     0.01s     0.01s
timer:    KEmat reconstruct     0.00s     0.00s
timer:  KEmat differentiate     0.09s     0.09s
timer:       KEmat compress     0.03s     0.03s
timer: KEmat inner products     0.02s     0.02s
timer:     guess Kinet potn     0.15s     0.15s
timer:           guess fock     0.11s     0.11s
timer:      guess eigen sol     0.00s     0.00s
timer: guess orbital groupi     0.01s     0.01s

starting protocol at time     1.9s
precision steps  1.000000e-04  -->  1.000000e-04
protocol: thresh 1.000000e-04 econv  1.000000e-04 dconv 5.000000e-04

Solving NDIM= 3  with thresh 1.000000e-04     k 7    conv 5.000000e-04 

timer:   initialize Coulomb operator    0.34s 0.34s
timer:         initialize K operator    0.09s 0.09s
completed task   0 after    0.0s at time    2.6s
completed task   1 after    0.9s at time    3.6s
cloud storing cpu time 0.0
cloud replication cpu time 0.0
cloud reading cpu time 0.0 
cloud cache stores     6
cloud cache loads      6
completed taskqueue after     0.9s at time  3.6s
 total cpu time / per world   0.9s  0.9s
timer:                 compute Knemo    0.95s 0.95s
timer:       compute Unemo 0.0170711    0.10s 0.10s

  nuclear and kinetic     -21.04271176
         kinetic only      15.18201014
              coulomb       8.16839762
       exact exchange      -3.28605755
    nuclear-repulsion       1.12450157
   regularized energy     -15.03587012
timer:                compute energy    0.52s 0.52s
timer:           compute fock matrix    0.17s 0.17s
timer:                     BSH apply    0.87s 0.87s
timer:                 solver.update    0.03s 0.03s
  restricting step for ab spin case orbitals: 1 2
Norm of vector changes ab spin case : rms 2.661989e-01    max 3.258507e-01
convergence: bshresidual, energy change, max energy change, density change 3.5e-01 1.5e+01 1.5e+01 1.4e+00
timer:                orbital update    0.24s 0.24s
finished iteration  0 at time      5.5s with energy  -15.03587012
timer:   initialize Coulomb operator    0.33s 0.33s
timer:         initialize K operator    0.11s 0.11s
completed task   0 after    0.0s at time    6.3s
completed task   1 after    0.9s at time    7.2s
cloud storing cpu time 0.0
cloud replication cpu time 0.0
cloud reading cpu time 0.0 
cloud cache stores     6
cloud cache loads      6
completed taskqueue after     0.9s at time  7.2s
 total cpu time / per world   0.9s  0.9s
timer:                 compute Knemo    0.95s 0.95s
timer:       compute Unemo 0.0170711    0.09s 0.09s

  nuclear and kinetic     -21.29742963
         kinetic only      14.88306369
              coulomb       7.97222534
       exact exchange      -3.04484146
    nuclear-repulsion       1.12450157
   regularized energy     -15.24554418
timer:                compute energy    0.47s 0.47s
timer:           compute fock matrix    0.17s 0.17s
timer:                     BSH apply    0.78s 0.78s
timer:                 solver.update    0.03s 0.03s
Norm of vector changes ab spin case : rms 1.537769e-01    max 1.883018e-01
convergence: bshresidual, energy change, max energy change, density change 1.2e-01 2.1e-01 3.0e-01 3.9e-02
timer:                orbital update    0.23s 0.23s
finished iteration  1 at time      9.0s with energy  -15.24554418
timer:   initialize Coulomb operator    0.32s 0.32s
timer:         initialize K operator    0.09s 0.09s
completed task   0 after    0.0s at time    9.8s
completed task   1 after    0.9s at time   10.7s
cloud storing cpu time 0.0
cloud replication cpu time 0.0
cloud reading cpu time 0.0 
cloud cache stores     6
cloud cache loads      6
completed taskqueue after     1.0s at time 10.7s
 total cpu time / per world   1.0s  1.0s
timer:                 compute Knemo    0.97s 0.97s
timer:       compute Unemo 0.0170711    0.10s 0.10s

  nuclear and kinetic     -21.71943521
         kinetic only      14.99840587
              coulomb       8.23404478
       exact exchange      -2.96273486
    nuclear-repulsion       1.12450157
   regularized energy     -15.32362371
timer:                compute energy    0.49s 0.49s
timer:           compute fock matrix    0.15s 0.15s
timer:                     BSH apply    0.77s 0.77s
timer:                 solver.update    0.05s 0.05s
Norm of vector changes ab spin case : rms 6.098309e-02    max 7.468527e-02
convergence: bshresidual, energy change, max energy change, density change 3.7e-02 7.8e-02 4.2e-01 1.6e-02
timer:                orbital update    0.19s 0.19s
finished iteration  2 at time     12.5s with energy  -15.32362371
timer:   initialize Coulomb operator    0.32s 0.32s
timer:         initialize K operator    0.11s 0.11s
completed task   0 after    0.0s at time   13.2s
completed task   1 after    1.0s at time   14.2s
cloud storing cpu time 0.0
cloud replication cpu time 0.0
cloud reading cpu time 0.0 
cloud cache stores     6
cloud cache loads      6
completed taskqueue after     1.0s at time 14.2s
 total cpu time / per world   1.0s  1.0s
timer:                 compute Knemo    1.01s 1.01s
timer:       compute Unemo 0.0172346    0.10s 0.10s

  nuclear and kinetic     -21.91439682
         kinetic only      15.07511723
              coulomb       8.40519264
       exact exchange      -2.95339348
    nuclear-repulsion       1.12450157
   regularized energy     -15.33809609
timer:                compute energy    0.52s 0.52s
timer:           compute fock matrix    0.16s 0.16s
timer:                     BSH apply    0.79s 0.79s
timer:                 solver.update    0.08s 0.08s
Norm of vector changes ab spin case : rms 4.276958e-02    max 5.237751e-02
convergence: bshresidual, energy change, max energy change, density change 1.7e-02 1.4e-02 1.9e-01 7.2e-03
timer:                orbital update    0.19s 0.19s
finished iteration  3 at time     16.1s with energy  -15.33809609
timer:   initialize Coulomb operator    0.33s 0.33s
timer:         initialize K operator    0.10s 0.10s
completed task   0 after    0.0s at time   16.8s
completed task   1 after    1.0s at time   17.8s
cloud storing cpu time 0.0
cloud replication cpu time 0.0
cloud reading cpu time 0.0 
cloud cache stores     6
cloud cache loads      6
completed taskqueue after     1.0s at time 17.8s
 total cpu time / per world   1.0s  1.0s
timer:                 compute Knemo    1.03s 1.03s
timer:       compute Unemo 0.0170711    0.10s 0.10s

  nuclear and kinetic     -22.00922474
         kinetic only      15.11431833
              coulomb       8.49523757
       exact exchange      -2.95303644
    nuclear-repulsion       1.12450157
   regularized energy     -15.34252205
timer:                compute energy    0.48s 0.48s
timer:           compute fock matrix    0.15s 0.15s
timer:                     BSH apply    0.83s 0.83s
timer:                 solver.update    0.11s 0.11s
Norm of vector changes ab spin case : rms 3.093569e-02    max 3.788715e-02
convergence: bshresidual, energy change, max energy change, density change 8.9e-03 4.4e-03 9.5e-02 3.0e-03
timer:                orbital update    0.24s 0.24s
finished iteration  4 at time     19.7s with energy  -15.34252205
timer:   initialize Coulomb operator    0.37s 0.37s
timer:         initialize K operator    0.11s 0.11s
completed task   0 after    0.0s at time   20.6s
completed task   1 after    1.0s at time   21.6s
cloud storing cpu time 0.0
cloud replication cpu time 0.0
cloud reading cpu time 0.0 
cloud cache stores     6
cloud cache loads      6
completed taskqueue after     1.1s at time 21.6s
 total cpu time / per world   1.0s  1.0s
timer:                 compute Knemo    1.06s 1.06s
timer:       compute Unemo 0.0170711    0.10s 0.10s

  nuclear and kinetic     -22.05135286
         kinetic only      15.13290890
              coulomb       8.53537954
       exact exchange      -2.95214602
    nuclear-repulsion       1.12450157
   regularized energy     -15.34361777
timer:                compute energy    0.54s 0.54s
timer:           compute fock matrix    0.16s 0.16s
timer:                     BSH apply    0.81s 0.81s
timer:                 solver.update    0.11s 0.11s
Norm of vector changes ab spin case : rms 2.029778e-02    max 2.485760e-02
convergence: bshresidual, energy change, max energy change, density change 4.5e-03 1.1e-03 4.2e-02 1.1e-03
timer:                orbital update    0.19s 0.19s
finished iteration  5 at time     23.5s with energy  -15.34361777
timer:   initialize Coulomb operator    0.33s 0.33s
timer:         initialize K operator    0.10s 0.10s
completed task   0 after    0.0s at time   24.3s
completed task   1 after    1.0s at time   25.3s
cloud storing cpu time 0.0
cloud replication cpu time 0.0
cloud reading cpu time 0.0 
cloud cache stores     6
cloud cache loads      6
completed taskqueue after     1.0s at time 25.3s
 total cpu time / per world   1.0s  1.0s
timer:                 compute Knemo    1.02s 1.02s
timer:       compute Unemo 0.0170711    0.10s 0.10s

  nuclear and kinetic     -22.05281130
         kinetic only      15.13612705
              coulomb       8.53546853
       exact exchange      -2.95127298
    nuclear-repulsion       1.12450157
   regularized energy     -15.34411418
timer:                compute energy    0.54s 0.54s
timer:           compute fock matrix    0.16s 0.16s
timer:                     BSH apply    0.79s 0.79s
timer:                 solver.update    0.12s 0.12s
Norm of vector changes ab spin case : rms 5.798270e-03    max 7.098697e-03
convergence: bshresidual, energy change, max energy change, density change 2.3e-03 5.0e-04 3.2e-03 6.7e-04
timer:                orbital update    0.19s 0.19s
finished iteration  6 at time     27.2s with energy  -15.34411418
timer:   initialize Coulomb operator    0.34s 0.34s
timer:         initialize K operator    0.10s 0.10s
completed task   0 after    0.0s at time   28.0s
completed task   1 after    1.0s at time   29.0s
cloud storing cpu time 0.0
cloud replication cpu time 0.0
cloud reading cpu time 0.0 
cloud cache stores     6
cloud cache loads      6
completed taskqueue after     1.1s at time 29.0s
 total cpu time / per world   1.0s  1.0s
timer:                 compute Knemo    1.06s 1.06s
timer:       compute Unemo 0.0170711    0.10s 0.10s

  nuclear and kinetic     -22.05298349
         kinetic only      15.14401096
              coulomb       8.53708153
       exact exchange      -2.95282882
    nuclear-repulsion       1.12450157
   regularized energy     -15.34422922
timer:                compute energy    0.48s 0.48s
timer:           compute fock matrix    0.16s 0.16s
timer:                     BSH apply    0.81s 0.81s
timer:                 solver.update    0.14s 0.14s
Norm of vector changes ab spin case : rms 3.358265e-03    max 4.108508e-03
convergence: bshresidual, energy change, max energy change, density change 7.4e-04 1.2e-04 7.9e-03 4.1e-04
timer:                orbital update    0.21s 0.21s
finished iteration  7 at time     30.9s with energy  -15.34422922
timer:   initialize Coulomb operator    0.33s 0.33s
timer:         initialize K operator    0.10s 0.10s
completed task   0 after    0.0s at time   31.6s
completed task   1 after    1.1s at time   32.7s
cloud storing cpu time 0.0
cloud replication cpu time 0.0
cloud reading cpu time 0.0 
cloud cache stores     6
cloud cache loads      6
completed taskqueue after     1.1s at time 32.7s
 total cpu time / per world   1.1s  1.1s
timer:                 compute Knemo    1.10s 1.10s
timer:       compute Unemo 0.0170711    0.10s 0.10s

  nuclear and kinetic     -22.05868610
         kinetic only      15.14866234
              coulomb       8.54321149
       exact exchange      -2.95326454
    nuclear-repulsion       1.12450157
   regularized energy     -15.34423757
timer:                compute energy    0.50s 0.50s
timer:           compute fock matrix    0.16s 0.16s
timer:                     BSH apply    0.90s 0.90s
timer:                 solver.update    0.17s 0.17s
Norm of vector changes ab spin case : rms 1.860169e-04    max 2.214553e-04
convergence: bshresidual, energy change, max energy change, density change 3.1e-04 8.4e-06 6.1e-03 1.6e-05
timer:                orbital update    0.24s 0.24s
finished iteration  8 at time     34.8s with energy  -15.34423757

Iterations converged


 Dipole Moment (a.u.)
 -----------

     x:  7.799605e-10
     y:  7.799993e-10
     z:  -7.644903e-09
 Total Dipole Moment:  7.724071e-09 

timer:               dipole     0.01s     0.01s
Nemo Orbital Energies: [*]  -4.83493616  -0.30222996  -0.30222996

SCF DATA TO JSON
nemo energy:  -1.534424e+01
 at time 34.9
ignoring unknown parameter in input file:  n_virt
PNO Integrals evaluated as:
pnoint
       rank_increase  15         # default   maximum rank to increase in every macroiteration
               chunk  100        # default   chunk of functions operated on in parallel when G or K is applied (prevent 
                                 #           memory shortage)
               debug  false      # default   debug mode
              freeze  1          # derived   frozen core approximation
             maxrank  1          # defined   maximal pno rank for all pairs
           guesstype  exop       # derived   the guesstype: exop (recommended, multiply polynomial excitation operators 
                                 #           onto the occupied orbitals), empty (don't compute a guess), scf (use the 
                                 #           ao basis from the SCF solver), partial_wave (create s,p,d ..., type 
                                 #           functions and place on atoms), predefined (same as partial_wave but for 
                                 #           predefined sets)
                exop  multipole  # derived   this string defines which excitation operators can be used, use 'dipole', 
                                 #           'dipole+', 'quadrupole', 'ocopole', or 'multipole', need to set guesstype 
                                 #           to 'exop' which is the default
          exop_trigo  true       # default   use trigonometric excitation operators ( x --> sin(x)
        partial_wave             # default   atom centered partial wave guess of format like 'h-2s1p-o-3s2p1d', need to 
                                 #           set guesstype to 'partial_wave' and adaptive_solver to 'none'
          predefined             # default   predefined partial wave guesses of type pvxz with x=d,t,q,5,6, need to set 
                                 #           guesstype to 'predefined' and adaptive_solver to 'none'
           maxiter_t  100        # default   maximal number of iterations in the amplitude solver
       maxiter_micro  10         # default   Maximum of iterations for every cycle in the adaptive solver
       maxiter_macro  10         # default   Maximum of iterations of cycles in the adaptive solver
                tpno  1.0000e-08 # default   PNO cutoff threshold
          tpno_tight  1.0000e-10 # derived   PNO cutoff for the first iteration
    canonicalize_pno  true       # default   canonicalize the pnos before the amplitude solver
              thresh  1.0000e-04 # defined   MRA threshold
         econv_micro  1.0000e-04 # derived   Energy convergence for microiterations (Greens function based 
                                 #           optimization) in adaptive solver
         econv_pairs  1.0000e-05 # derived   ENergy convergence for individual pairs in adaptive solver. Converged 
                                 #           pairs are frozen automatically
         econv_macro  1.0000e-04 # derived   Energy convergence for macroiterations in adaptive solver, no effect if 
                                 #           adaptive_solver is deactivated
               dconv  1.0000e-01 # default   convergence of every PNO in the Green's function solver
           op_thresh  1.0000e-06 # default   MRA operator thresh
             restart  none       # derived   restart pairs of this type, use 'mp2', 'cispd', 'all' or 'none'
          no_compute  none       # default   do not compute the pairs of this type, use 'mp2', 'cispd', 'all' or 'none' 
                                 #
              no_opt  none       # default   do not optimize the pnos of this type, use 'mp2', 'cispd', 'all' or 'none' 
                                 #
            no_guess  none       # derived   guess for this type will be empty, use 'mp2', 'cispd', 'all' or 'none'
     adaptive_solver  all        # default   Use adaptive solver for those pairs, use 'mp2', 'cispd', 'all' or 'none', 
                                 #           works only in combination with guesstype 'exop'
                kain  true       # default   use KAIN solver in amplitude solver
       kain_subspace  5          # default   subspace size of the KAIN solver (amplitudes)
                 f12  false      # defined   use explicit correlation
        cispd_number  -1         # default   CIS(D) excitation numbers, to read in correct functions
        cispd_energy  0.0000e+00 # default   CIS energy
        freeze_pairs  none       # default   frozen pairs will not be optimized: Expected format 'a b c d' will freeze 
                                 #           pairs ab and cd
freeze_pairs_of_orbital  []         # default    All pairs which originate from this orbital will not be optimized
active_pairs_of_orbital  []         # default    All pairs which originate from this orbital will not be frozen all 
                                 #              other pairs will, if this vector is not empty
no_opt_in_first_iteration  false      # default   Do not optimize in the first iteration (then the potentials do not 
                                 #                have to be evaluated, use this for large guesses)
            exchange  full       # default   approximate exchange with 'neglect' or xc functional -> same syntax as 
                                 #           moldft
           save_pnos  true       # default   Save the OBS-PNOs to a file, before and after orthonormalization.
            diagonal  true       # defined   Compute only diagonal PNOs
              orthog  symmetric  # defined   orthogonalization method for PNO basis, also current default for a 
                                 #           potential CABS. options: symmetric, canonical, cholesky, rr_cholesky,
         orthog_cabs  default    # default   orthogonalization method for CABS basis. options: symmetric, canonical, 
                                 #           cholesky, rr_cholesky, uses same as orbitals basis if default.
               n_pno  2          # defined   desired size of PNO-basis (orbital space)
         cabs_option  none       # default   type of complementary auxiliary basis to be used. can be none ~ no CABS, 
                                 #           gbs ~ Gaussian basis set as CABS, requires input via auxbas_file, pno ~ 
                                 #           use superfluous PNOs as CABS, mixed ~ gbs&pno-option
       pno_cabs_size  -1         # default   size of a potential pno-cabs. defaults to -1 ~ all remaining PNOs, if 
                                 #           pno-cabs or mixed-cabs
           only_diag  true       # derived   use only diagonal elements PNOs
         cherry_pick  []         # default   cherry pick option to choose particular set of PNOs, not just blindly by 
                                 #           occupation number. can be useful, if only a restricted number of PNOs can 
                                 #           be used, to avoid separating degenerate pairs. can be envoked by passing a 
                                 #           vector via [ elem1, elem2, ... ]
         ignore_pair  []         # default   ignore certain pairs in the selection of pnos numbering is 00-0, 01-1, 
                                 #           02-2 ...
               gamma  1.4000e+00 # default   The f12 length scale, here to be used to compute f12-integrals
         cabs_thresh  1.0000e-04 # derived    thresh for cabs part
              auxbas  none       # default   atom centered partial wave guess of format like 'h-2s1p-o-3s2p1d'
         auxbas_file  none       # default   Use external comp. aux. basis in addition to the pnos as auxbasis. Give 
                                 #           the filename as parameter. Give the auxbas in turbomole format. Don't use 
                                 #           contractions. If a file is specified the auxbas parameter has no effect
   print_pno_overlap  true       # default   Print overlap matrix at certain steps in computation, for debugging 
                                 #           purposes.
      hardcore_boson  false      # default   compute only integrals for hardcore boson hamiltonian (restricted to 
                                 #           double occupations)
end
F12 Operators initialized right
timer:                    Testing F12 Operators     0.31s     0.31s 
set mul_tol =0
timer:  Initializing (active) Exchange Orbitals     1.04s     1.04s 
Size of active mos and their exchange potentials:
K(acmos)=3.966212e-03 Gbyte
acmos   =3.332436e-03 Gbyte
PNO Parameters
pno
       rank_increase  15         # default   maximum rank to increase in every macroiteration
               chunk  100        # default   chunk of functions operated on in parallel when G or K is applied (prevent 
                                 #           memory shortage)
               debug  false      # default   debug mode
              freeze  1          # derived   frozen core approximation
             maxrank  1          # defined   maximal pno rank for all pairs
           guesstype  exop       # derived   the guesstype: exop (recommended, multiply polynomial excitation operators 
                                 #           onto the occupied orbitals), empty (don't compute a guess), scf (use the 
                                 #           ao basis from the SCF solver), partial_wave (create s,p,d ..., type 
                                 #           functions and place on atoms), predefined (same as partial_wave but for 
                                 #           predefined sets)
                exop  multipole  # derived   this string defines which excitation operators can be used, use 'dipole', 
                                 #           'dipole+', 'quadrupole', 'ocopole', or 'multipole', need to set guesstype 
                                 #           to 'exop' which is the default
          exop_trigo  true       # default   use trigonometric excitation operators ( x --> sin(x)
        partial_wave             # default   atom centered partial wave guess of format like 'h-2s1p-o-3s2p1d', need to 
                                 #           set guesstype to 'partial_wave' and adaptive_solver to 'none'
          predefined             # default   predefined partial wave guesses of type pvxz with x=d,t,q,5,6, need to set 
                                 #           guesstype to 'predefined' and adaptive_solver to 'none'
           maxiter_t  100        # default   maximal number of iterations in the amplitude solver
       maxiter_micro  10         # default   Maximum of iterations for every cycle in the adaptive solver
       maxiter_macro  10         # default   Maximum of iterations of cycles in the adaptive solver
                tpno  1.0000e-08 # default   PNO cutoff threshold
          tpno_tight  1.0000e-10 # derived   PNO cutoff for the first iteration
    canonicalize_pno  true       # default   canonicalize the pnos before the amplitude solver
              thresh  1.0000e-04 # defined   MRA threshold
         econv_micro  1.0000e-04 # derived   Energy convergence for microiterations (Greens function based 
                                 #           optimization) in adaptive solver
         econv_pairs  1.0000e-05 # derived   ENergy convergence for individual pairs in adaptive solver. Converged 
                                 #           pairs are frozen automatically
         econv_macro  1.0000e-04 # derived   Energy convergence for macroiterations in adaptive solver, no effect if 
                                 #           adaptive_solver is deactivated
               dconv  1.0000e-01 # default   convergence of every PNO in the Green's function solver
           op_thresh  1.0000e-06 # default   MRA operator thresh
             restart  none       # derived   restart pairs of this type, use 'mp2', 'cispd', 'all' or 'none'
          no_compute  none       # default   do not compute the pairs of this type, use 'mp2', 'cispd', 'all' or 'none' 
                                 #
              no_opt  none       # default   do not optimize the pnos of this type, use 'mp2', 'cispd', 'all' or 'none' 
                                 #
            no_guess  none       # derived   guess for this type will be empty, use 'mp2', 'cispd', 'all' or 'none'
     adaptive_solver  all        # default   Use adaptive solver for those pairs, use 'mp2', 'cispd', 'all' or 'none', 
                                 #           works only in combination with guesstype 'exop'
                kain  true       # default   use KAIN solver in amplitude solver
       kain_subspace  5          # default   subspace size of the KAIN solver (amplitudes)
                 f12  false      # defined   use explicit correlation
        cispd_number  -1         # default   CIS(D) excitation numbers, to read in correct functions
        cispd_energy  0.0000e+00 # default   CIS energy
        freeze_pairs  none       # default   frozen pairs will not be optimized: Expected format 'a b c d' will freeze 
                                 #           pairs ab and cd
freeze_pairs_of_orbital  []         # default    All pairs which originate from this orbital will not be optimized
active_pairs_of_orbital  []         # default    All pairs which originate from this orbital will not be frozen all 
                                 #              other pairs will, if this vector is not empty
no_opt_in_first_iteration  false      # default   Do not optimize in the first iteration (then the potentials do not 
                                 #                have to be evaluated, use this for large guesses)
            exchange  full       # default   approximate exchange with 'neglect' or xc functional -> same syntax as 
                                 #           moldft
           save_pnos  true       # default   Save the OBS-PNOs to a file, before and after orthonormalization.
            diagonal  true       # defined   Compute only diagonal PNOs
end

**********************
Solve PNO-MP2
*********************


**********************
Iterate Pairs
*********************


************************
Adaptive Solver
***********************

Initializing empty Pairs:
no guess was explicitly demanded for mp2

timer:                                     RRCD     0.00s     0.00s 
timer:                             MRA compress     0.00s     0.00s 
timer:                          Transform Pairs     0.00s     0.00s 
timer:          apply Q and orthonormalize PNOs     0.00s     0.00s 
Created Guess:
pair11 with 0 guess functions
pair21 with 0 guess functions
pair22 with 0 guess functions
guess pair11 size: 0.0000000000e+00 | 0.0000000000e+00 Gbyte (after truncation)
guess pair22 size: 0.0000000000e+00 | 0.0000000000e+00 Gbyte (after truncation)
timer:                           truncate guess     0.00s     0.00s 
timer:                         Initialize Pairs     0.00s     0.00s 
Keyword multipole is not known
Guess protocol for adaptively growing ranks is: [dipole+, quadrupole, octopole, octopole, octopole, octopole, octopole, octopole, octopole, octopole]


--------Adaptive Solver Macroiteration 0 from max 10 ----------

Growing ranks with exop=dipole+
Create guess functions by multiplying plane-waves to 1 functions 
Created 4 virtuals for pair11
pair21 is frozen: no growing
Create guess functions by multiplying plane-waves to 1 functions 
Created 4 virtuals for pair22
frozen pair: no orthonormalization
timer:                                     RRCD     0.01s     0.01s 
timer:                             MRA compress     0.00s     0.00s 
timer:                          Transform Pairs     0.01s     0.01s 
timer:                        grow PNO subspace     0.17s     0.17s 
SolveInternal: Parameters are assigned as
no_compute        = false
no_opt            = false
restart           = false
do_cispd          = false
econv             =1.0000000000e-04
maxrank (min,max) = (1,1)
Solving MP2 doubles
Information About All Pairs:
mp2_pair11           number=0 rank=  4 frozen=false
mp2_pair21           number=1 rank=  0 frozen=true
mp2_pair22           number=2 rank=  4 frozen=false
number of pairs=3
average rank   =2 (2.6666666667e+00)
largest rank   =4
PNOPairs Memory Information
Total: 0.0130844116 GB 
PNO  : 0.0130844116 GB 
KPNO : 0.0000000000 GB 
W    : 0.0000000000 GB 

timer:                                 truncate     0.01s     0.01s 
set mul_tol =0
wall time=41.8091390133 chunk=8 allK.size()=8 memory=0.0124301910 GB
timer:                             compute KPNO     3.18s     3.18s 
wall time=41.8680689335 chunk=8 allJ.size()=8 memory=0.0142292976 GB
timer:                             compute JPNO     0.06s     0.06s 
timer:                    compute Fock matrices     0.49s     0.49s 
timer:                             MRA compress     0.00s     0.00s 
timer:                          Transform Pairs     0.02s     0.02s 
timer:                             Canonicalize     0.02s     0.02s 
PNOPairs Memory Information
Total: 0.0243697166 GB 
PNO  : 0.0129208565 GB 
KPNO : 0.0114488602 GB 
W    : 0.0000000000 GB 

timer:                                 truncate     0.00s     0.00s 
mp2_pair21 is frozen: potential not computed
timer:                   Fluctuation Potentials     1.92s     1.92s 
timer:                       Fluctuation Matrix     0.03s     0.03s 
PNOPairs Memory Information
Total: 0.0397439003 GB 
PNO  : 0.0129208565 GB 
KPNO : 0.0114488602 GB 
W    : 0.0153741837 GB 

PNOPairs Memory Information
Total: 0.0397439003 GB 
PNO  : 0.0129208565 GB 
KPNO : 0.0114488602 GB 
W    : 0.0153741837 GB 

timer:                                 truncate     0.01s     0.01s 
timer:                             PNO Overlaps     0.02s     0.02s 
t_iter =  0  Hylleraas energy =  0.0000000000  ||R||_F =  0.1595328352  conv =  no
subspace solution [*]   1.00000000

t_iter =  1  Hylleraas energy =  -0.0753781319  ||R||_F =  0.0000001238  conv =  yes
=======================================================

Hylleraas MP2 Energies

=======================================================
    i    j      singlet      triplet        Total
=======================================================
    1    1  -3.76891e-02  0.00000e+00 -3.76891e-02
    2    1   0.00000e+00  0.00000e+00  0.00000e+00
    2    2  -3.76891e-02  0.00000e+00 -3.76891e-02
=======================================================
Hylleraas MP2 Energies (singlet): -7.53781e-02
Hylleraas MP2 Energies (triplet):  0.00000e+00
Hylleraas MP2 Energies (total)  : -7.53781e-02
=======================================================
-------------------------------------------
Total Reg Energy  =-7.53781e-02
Total F12 Energy  = 0.00000e+00
Sum Energies Total=-7.53781e-02
-------------------------------------------
timer:                         Solve Amplitudes     0.00s     0.00s 
No optimization untill now: Compressing pno ranks with tighter threshold
1.00000e-10 instead of 1.00000e-08
pair11: density evals:
 [*]   0.00155086   0.00190037   0.00190037   0.23450007

pair11: # of PNOs reduced from  4  to  1  maxrank= 1
pair22: density evals:
 [*]   0.00155086   0.00190037   0.00190037   0.23450007

pair22: # of PNOs reduced from  4  to  1  maxrank= 1
timer:                            compress PNOs     0.00s     0.00s 
timer:                             MRA compress     0.00s     0.00s 
timer:                          Transform Pairs     0.02s     0.02s 
timer:                          PNO Compression     0.02s     0.02s 
Information About All Pairs:
mp2_pair11           number=0 rank=  1 frozen=false
mp2_pair21           number=1 rank=  0 frozen=true
mp2_pair22           number=2 rank=  1 frozen=false
number of pairs=3
average rank   =0 (6.66667e-01)
largest rank   =1
saving vector of functions mp2_pair11
saving vector of functions mp2_pair22
timer:                        save pnos on disc     0.01s     0.01s 
PNOPairs Memory Information
Total: 0.01292 GB 
PNO  : 0.00348 GB 
KPNO : 0.00348 GB 
W    : 0.00597 GB 

timer:                                 truncate     0.00s     0.00s 
timer:      compute densities for G application     0.00s     0.00s 
pair21 is frozen: no optimization
timer:                Prepare for G application     0.01s     0.01s 
timer:                                    add K     0.00s     0.00s 
size of all Vpsi potentials (without Vnuc and J) 0.00364 GB 
time=44.51559 chunk=2 Vpsi+Vnuc+J=0.01018 GB
time=44.51782 chunk=2 Vpsi+Vnuc+J=0.01018 GB (after truncation)
timer:                           Apply G to all     0.81s     0.81s 
timer:                       apply Q and update     0.00s     0.00s 
mp2_pair11 residual norms:
[0.24465]
mp2_pair11 scaled residual norms:
[0.11847]
mp2_pair22 residual norms:
[0.24465]
mp2_pair22 scaled residual norms:
[0.11847]
timer:                          update all PNOs     0.81s     0.81s 
frozen pair: no orthonormalization
timer:                                     RRCD     0.01s     0.01s 
timer:                             MRA compress     0.00s     0.00s 
timer:                          Transform Pairs     0.00s     0.00s 
saving vector of functions mp2_pair11
saving vector of functions mp2_pair22
timer:                        save pnos on disc     0.01s     0.01s 


No convergence yet. Energy change = 0.07538

timer:                        Whole Iteration 1     6.61s     6.61s 
Information About All Pairs:
mp2_pair11           number=0 rank=  1 frozen=false
mp2_pair21           number=1 rank=  0 frozen=true
mp2_pair22           number=2 rank=  1 frozen=false
number of pairs=3
average rank   =0 (0.66667)
largest rank   =1
PNOPairs Memory Information
Total: 0.00397 GB 
PNO  : 0.00397 GB 
KPNO : 0.00000 GB 
W    : 0.00000 GB 

timer:                                 truncate     0.00s     0.00s 
set mul_tol =0
wall time=46.33762 chunk=2 allK.size()=2 memory=0.00397 GB
timer:                             compute KPNO     1.10s     1.10s 
wall time=46.36218 chunk=2 allJ.size()=2 memory=0.00397 GB
timer:                             compute JPNO     0.02s     0.02s 
timer:                    compute Fock matrices     0.19s     0.19s 
timer:                             MRA compress     0.00s     0.00s 
timer:                          Transform Pairs     0.01s     0.01s 
timer:                             Canonicalize     0.01s     0.01s 
PNOPairs Memory Information
Total: 0.00793 GB 
PNO  : 0.00397 GB 
KPNO : 0.00397 GB 
W    : 0.00000 GB 

timer:                                 truncate     0.00s     0.00s 
mp2_pair21 is frozen: potential not computed
timer:                   Fluctuation Potentials     0.62s     0.62s 
timer:                       Fluctuation Matrix     0.02s     0.02s 
PNOPairs Memory Information
Total: 0.01390 GB 
PNO  : 0.00397 GB 
KPNO : 0.00397 GB 
W    : 0.00597 GB 

PNOPairs Memory Information
Total: 0.01390 GB 
PNO  : 0.00397 GB 
KPNO : 0.00397 GB 
W    : 0.00597 GB 

timer:                                 truncate     0.00s     0.00s 
timer:                             PNO Overlaps     0.02s     0.02s 
t_iter =  0  Hylleraas energy =  0.00000  ||R||_F =  0.17185  conv =  no
subspace solution [*]   1.00000000

t_iter =  1  Hylleraas energy =  -0.10344  ||R||_F =  0.00000  conv =  yes
=======================================================

Hylleraas MP2 Energies

=======================================================
    i    j      singlet      triplet        Total
=======================================================
    1    1  -5.17180e-02  0.00000e+00 -5.17180e-02
    2    1   0.00000e+00  0.00000e+00  0.00000e+00
    2    2  -5.17180e-02  0.00000e+00 -5.17180e-02
=======================================================
Hylleraas MP2 Energies (singlet): -1.03436e-01
Hylleraas MP2 Energies (triplet):  0.00000e+00
Hylleraas MP2 Energies (total)  : -1.03436e-01
=======================================================
-------------------------------------------
Total Reg Energy  =-1.03436e-01
Total F12 Energy  = 0.00000e+00
Sum Energies Total=-1.03436e-01
-------------------------------------------
timer:                         Solve Amplitudes     0.00s     0.00s 
pair11: density evals:
 [*]   0.36226045

pair22: density evals:
 [*]   0.36226044

timer:                            compress PNOs     0.00s     0.00s 
timer:                             MRA compress     0.00s     0.00s 
timer:                          Transform Pairs     0.01s     0.01s 
timer:                          PNO Compression     0.01s     0.01s 
Information About All Pairs:
mp2_pair11           number=0 rank=  1 frozen=false
mp2_pair21           number=1 rank=  0 frozen=true
mp2_pair22           number=2 rank=  1 frozen=false
number of pairs=3
average rank   =0 (6.66667e-01)
largest rank   =1
saving vector of functions mp2_pair11
saving vector of functions mp2_pair22
timer:                        save pnos on disc     0.01s     0.01s 
PNOPairs Memory Information
Total: 0.01390 GB 
PNO  : 0.00397 GB 
KPNO : 0.00397 GB 
W    : 0.00597 GB 

timer:                                 truncate     0.01s     0.01s 
timer:      compute densities for G application     0.00s     0.00s 
pair21 is frozen: no optimization
timer:                Prepare for G application     0.01s     0.01s 
timer:                                    add K     0.00s     0.00s 
size of all Vpsi potentials (without Vnuc and J) 0.00397 GB 
time=47.37150 chunk=2 Vpsi+Vnuc+J=0.01051 GB
time=47.37726 chunk=2 Vpsi+Vnuc+J=0.01051 GB (after truncation)
timer:                           Apply G to all     0.82s     0.82s 
timer:                       apply Q and update     0.00s     0.00s 
mp2_pair11 residual norms:
[0.05274]
mp2_pair11 scaled residual norms:
[0.03175]
mp2_pair22 residual norms:
[0.05274]
mp2_pair22 scaled residual norms:
[0.03175]
timer:                          update all PNOs     0.83s     0.83s 
frozen pair: no orthonormalization
timer:                                     RRCD     0.01s     0.01s 
timer:                             MRA compress     0.00s     0.00s 
timer:                          Transform Pairs     0.00s     0.00s 
saving vector of functions mp2_pair11
saving vector of functions mp2_pair22
timer:                        save pnos on disc     0.01s     0.01s 


No convergence yet. Energy change = 0.02806

timer:                        Whole Iteration 2     2.86s     2.86s 
Information About All Pairs:
mp2_pair11           number=0 rank=  1 frozen=false
mp2_pair21           number=1 rank=  0 frozen=true
mp2_pair22           number=2 rank=  1 frozen=false
number of pairs=3
average rank   =0 (0.66667)
largest rank   =1
PNOPairs Memory Information
Total: 0.00397 GB 
PNO  : 0.00397 GB 
KPNO : 0.00000 GB 
W    : 0.00000 GB 

timer:                                 truncate     0.00s     0.00s 
set mul_tol =0
wall time=49.20710 chunk=2 allK.size()=2 memory=0.00397 GB
timer:                             compute KPNO     1.11s     1.11s 
wall time=49.23394 chunk=2 allJ.size()=2 memory=0.00429 GB
timer:                             compute JPNO     0.03s     0.03s 
timer:                    compute Fock matrices     0.18s     0.18s 
timer:                             MRA compress     0.00s     0.00s 
timer:                          Transform Pairs     0.01s     0.01s 
timer:                             Canonicalize     0.01s     0.01s 
PNOPairs Memory Information
Total: 0.00793 GB 
PNO  : 0.00397 GB 
KPNO : 0.00397 GB 
W    : 0.00000 GB 

timer:                                 truncate     0.00s     0.00s 
mp2_pair21 is frozen: potential not computed
timer:                   Fluctuation Potentials     0.57s     0.57s 
timer:                       Fluctuation Matrix     0.02s     0.02s 
PNOPairs Memory Information
Total: 0.01390 GB 
PNO  : 0.00397 GB 
KPNO : 0.00397 GB 
W    : 0.00597 GB 

PNOPairs Memory Information
Total: 0.01390 GB 
PNO  : 0.00397 GB 
KPNO : 0.00397 GB 
W    : 0.00597 GB 

timer:                                 truncate     0.00s     0.00s 
timer:                             PNO Overlaps     0.01s     0.01s 
t_iter =  0  Hylleraas energy =  0.00000  ||R||_F =  0.17633  conv =  no
subspace solution [*]   1.00000000

t_iter =  1  Hylleraas energy =  -0.10650  ||R||_F =  0.00000  conv =  yes
=======================================================

Hylleraas MP2 Energies

=======================================================
    i    j      singlet      triplet        Total
=======================================================
    1    1  -5.32492e-02  0.00000e+00 -5.32492e-02
    2    1   0.00000e+00  0.00000e+00  0.00000e+00
    2    2  -5.32492e-02  0.00000e+00 -5.32492e-02
=======================================================
Hylleraas MP2 Energies (singlet): -1.06498e-01
Hylleraas MP2 Energies (triplet):  0.00000e+00
Hylleraas MP2 Energies (total)  : -1.06498e-01
=======================================================
-------------------------------------------
Total Reg Energy  =-1.06498e-01
Total F12 Energy  = 0.00000e+00
Sum Energies Total=-1.06498e-01
-------------------------------------------
timer:                         Solve Amplitudes     0.00s     0.00s 
pair11: density evals:
 [*]   0.36479426

pair22: density evals:
 [*]   0.36479424

timer:                            compress PNOs     0.00s     0.00s 
timer:                             MRA compress     0.00s     0.00s 
timer:                          Transform Pairs     0.01s     0.01s 
timer:                          PNO Compression     0.01s     0.01s 
Information About All Pairs:
mp2_pair11           number=0 rank=  1 frozen=false
mp2_pair21           number=1 rank=  0 frozen=true
mp2_pair22           number=2 rank=  1 frozen=false
number of pairs=3
average rank   =0 (6.66667e-01)
largest rank   =1
saving vector of functions mp2_pair11
saving vector of functions mp2_pair22
timer:                        save pnos on disc     0.01s     0.01s 
PNOPairs Memory Information
Total: 0.01390 GB 
PNO  : 0.00397 GB 
KPNO : 0.00397 GB 
W    : 0.00597 GB 

timer:                                 truncate     0.00s     0.00s 
timer:      compute densities for G application     0.00s     0.00s 
pair21 is frozen: no optimization
timer:                Prepare for G application     0.00s     0.00s 
timer:                                    add K     0.00s     0.00s 
size of all Vpsi potentials (without Vnuc and J) 0.00397 GB 
time=50.16516 chunk=2 Vpsi+Vnuc+J=0.01067 GB
time=50.16762 chunk=2 Vpsi+Vnuc+J=0.01067 GB (after truncation)
timer:                           Apply G to all     0.81s     0.81s 
timer:                       apply Q and update     0.00s     0.00s 
mp2_pair11 residual norms:
[0.02121]
mp2_pair11 scaled residual norms:
[0.01281]
mp2_pair22 residual norms:
[0.02121]
mp2_pair22 scaled residual norms:
[0.01281]
timer:                          update all PNOs     0.82s     0.82s 
frozen pair: no orthonormalization
timer:                                     RRCD     0.01s     0.01s 
timer:                             MRA compress     0.00s     0.00s 
timer:                          Transform Pairs     0.00s     0.00s 
saving vector of functions mp2_pair11
saving vector of functions mp2_pair22
timer:                        save pnos on disc     0.01s     0.01s 


No convergence yet. Energy change = 0.00306

timer:                        Whole Iteration 3     2.81s     2.81s 
Information About All Pairs:
mp2_pair11           number=0 rank=  1 frozen=false
mp2_pair21           number=1 rank=  0 frozen=true
mp2_pair22           number=2 rank=  1 frozen=false
number of pairs=3
average rank   =0 (0.66667)
largest rank   =1
PNOPairs Memory Information
Total: 0.00397 GB 
PNO  : 0.00397 GB 
KPNO : 0.00000 GB 
W    : 0.00000 GB 

timer:                                 truncate     0.00s     0.00s 
set mul_tol =0
wall time=52.07018 chunk=2 allK.size()=2 memory=0.00397 GB
timer:                             compute KPNO     1.16s     1.16s 
wall time=52.10240 chunk=2 allJ.size()=2 memory=0.00429 GB
timer:                             compute JPNO     0.03s     0.03s 
timer:                    compute Fock matrices     0.24s     0.24s 
timer:                             MRA compress     0.00s     0.00s 
timer:                          Transform Pairs     0.01s     0.01s 
timer:                             Canonicalize     0.01s     0.01s 
PNOPairs Memory Information
Total: 0.00793 GB 
PNO  : 0.00397 GB 
KPNO : 0.00397 GB 
W    : 0.00000 GB 

timer:                                 truncate     0.01s     0.01s 
mp2_pair21 is frozen: potential not computed
timer:                   Fluctuation Potentials     0.60s     0.60s 
timer:                       Fluctuation Matrix     0.02s     0.02s 
PNOPairs Memory Information
Total: 0.01390 GB 
PNO  : 0.00397 GB 
KPNO : 0.00397 GB 
W    : 0.00597 GB 

PNOPairs Memory Information
Total: 0.01390 GB 
PNO  : 0.00397 GB 
KPNO : 0.00397 GB 
W    : 0.00597 GB 

timer:                                 truncate     0.00s     0.00s 
timer:                             PNO Overlaps     0.01s     0.01s 
t_iter =  0  Hylleraas energy =  0.00000  ||R||_F =  0.17788  conv =  no
subspace solution [*]   1.00000000

t_iter =  1  Hylleraas energy =  -0.10704  ||R||_F =  0.00000  conv =  yes
=======================================================

Hylleraas MP2 Energies

=======================================================
    i    j      singlet      triplet        Total
=======================================================
    1    1  -5.35191e-02  0.00000e+00 -5.35191e-02
    2    1   0.00000e+00  0.00000e+00  0.00000e+00
    2    2  -5.35191e-02  0.00000e+00 -5.35191e-02
=======================================================
Hylleraas MP2 Energies (singlet): -1.07038e-01
Hylleraas MP2 Energies (triplet):  0.00000e+00
Hylleraas MP2 Energies (total)  : -1.07038e-01
=======================================================
-------------------------------------------
Total Reg Energy  =-1.07038e-01
Total F12 Energy  = 0.00000e+00
Sum Energies Total=-1.07038e-01
-------------------------------------------
timer:                         Solve Amplitudes     0.00s     0.00s 
pair11: density evals:
 [*]   0.36209275

pair22: density evals:
 [*]   0.36209274

timer:                            compress PNOs     0.00s     0.00s 
timer:                             MRA compress     0.00s     0.00s 
timer:                          Transform Pairs     0.01s     0.01s 
timer:                          PNO Compression     0.01s     0.01s 
Information About All Pairs:
mp2_pair11           number=0 rank=  1 frozen=false
mp2_pair21           number=1 rank=  0 frozen=true
mp2_pair22           number=2 rank=  1 frozen=false
number of pairs=3
average rank   =0 (6.66667e-01)
largest rank   =1
saving vector of functions mp2_pair11
saving vector of functions mp2_pair22
timer:                        save pnos on disc     0.01s     0.01s 
PNOPairs Memory Information
Total: 0.01390 GB 
PNO  : 0.00397 GB 
KPNO : 0.00397 GB 
W    : 0.00597 GB 

timer:                                 truncate     0.00s     0.00s 
timer:      compute densities for G application     0.00s     0.00s 
pair21 is frozen: no optimization
timer:                Prepare for G application     0.01s     0.01s 
timer:                                    add K     0.00s     0.00s 
size of all Vpsi potentials (without Vnuc and J) 0.00397 GB 
time=53.13111 chunk=2 Vpsi+Vnuc+J=0.01067 GB
time=53.13347 chunk=2 Vpsi+Vnuc+J=0.01067 GB (after truncation)
timer:                           Apply G to all     0.81s     0.81s 
timer:                       apply Q and update     0.00s     0.00s 
mp2_pair11 residual norms:
[0.01036]
mp2_pair11 scaled residual norms:
[0.00623]
mp2_pair22 residual norms:
[0.01036]
mp2_pair22 scaled residual norms:
[0.00623]
timer:                          update all PNOs     0.82s     0.82s 
frozen pair: no orthonormalization
timer:                                     RRCD     0.01s     0.01s 
timer:                             MRA compress     0.00s     0.00s 
timer:                          Transform Pairs     0.00s     0.00s 
saving vector of functions mp2_pair11
saving vector of functions mp2_pair22
timer:                        save pnos on disc     0.01s     0.01s 


No convergence yet. Energy change = 0.00054

timer:                        Whole Iteration 4     2.96s     2.96s 
Information About All Pairs:
mp2_pair11           number=0 rank=  1 frozen=false
mp2_pair21           number=1 rank=  0 frozen=true
mp2_pair22           number=2 rank=  1 frozen=false
number of pairs=3
average rank   =0 (0.66667)
largest rank   =1
PNOPairs Memory Information
Total: 0.00397 GB 
PNO  : 0.00397 GB 
KPNO : 0.00000 GB 
W    : 0.00000 GB 

timer:                                 truncate     0.00s     0.00s 
set mul_tol =0
wall time=54.96014 chunk=2 allK.size()=2 memory=0.00397 GB
timer:                             compute KPNO     1.09s     1.09s 
wall time=54.98873 chunk=2 allJ.size()=2 memory=0.00429 GB
timer:                             compute JPNO     0.03s     0.03s 
timer:                    compute Fock matrices     0.17s     0.17s 
timer:                             MRA compress     0.00s     0.00s 
timer:                          Transform Pairs     0.00s     0.00s 
timer:                             Canonicalize     0.01s     0.01s 
PNOPairs Memory Information
Total: 0.00793 GB 
PNO  : 0.00397 GB 
KPNO : 0.00397 GB 
W    : 0.00000 GB 

timer:                                 truncate     0.00s     0.00s 
mp2_pair21 is frozen: potential not computed
timer:                   Fluctuation Potentials     0.58s     0.58s 
timer:                       Fluctuation Matrix     0.02s     0.02s 
PNOPairs Memory Information
Total: 0.01390 GB 
PNO  : 0.00397 GB 
KPNO : 0.00397 GB 
W    : 0.00597 GB 

PNOPairs Memory Information
Total: 0.01390 GB 
PNO  : 0.00397 GB 
KPNO : 0.00397 GB 
W    : 0.00597 GB 

timer:                                 truncate     0.01s     0.01s 
timer:                             PNO Overlaps     0.02s     0.02s 
t_iter =  0  Hylleraas energy =  0.00000  ||R||_F =  0.17852  conv =  no
subspace solution [*]   1.00000000

t_iter =  1  Hylleraas energy =  -0.10718  ||R||_F =  0.00000  conv =  yes
=======================================================

Hylleraas MP2 Energies

=======================================================
    i    j      singlet      triplet        Total
=======================================================
    1    1  -5.35880e-02  0.00000e+00 -5.35880e-02
    2    1   0.00000e+00  0.00000e+00  0.00000e+00
    2    2  -5.35880e-02  0.00000e+00 -5.35880e-02
=======================================================
Hylleraas MP2 Energies (singlet): -1.07176e-01
Hylleraas MP2 Energies (triplet):  0.00000e+00
Hylleraas MP2 Energies (total)  : -1.07176e-01
=======================================================
-------------------------------------------
Total Reg Energy  =-1.07176e-01
Total F12 Energy  = 0.00000e+00
Sum Energies Total=-1.07176e-01
-------------------------------------------
timer:                         Solve Amplitudes     0.00s     0.00s 
pair11: density evals:
 [*]   0.36041252

pair22: density evals:
 [*]   0.36041251

timer:                            compress PNOs     0.00s     0.00s 
timer:                             MRA compress     0.00s     0.00s 
timer:                          Transform Pairs     0.01s     0.01s 
timer:                          PNO Compression     0.01s     0.01s 
Information About All Pairs:
mp2_pair11           number=0 rank=  1 frozen=false
mp2_pair21           number=1 rank=  0 frozen=true
mp2_pair22           number=2 rank=  1 frozen=false
number of pairs=3
average rank   =0 (6.66667e-01)
largest rank   =1
saving vector of functions mp2_pair11
saving vector of functions mp2_pair22
timer:                        save pnos on disc     0.01s     0.01s 
PNOPairs Memory Information
Total: 0.01390 GB 
PNO  : 0.00397 GB 
KPNO : 0.00397 GB 
W    : 0.00597 GB 

timer:                                 truncate     0.00s     0.00s 
timer:      compute densities for G application     0.00s     0.00s 
pair21 is frozen: no optimization
timer:                Prepare for G application     0.01s     0.01s 
timer:                                    add K     0.00s     0.00s 
size of all Vpsi potentials (without Vnuc and J) 0.00397 GB 
time=55.92239 chunk=2 Vpsi+Vnuc+J=0.01067 GB
time=55.92497 chunk=2 Vpsi+Vnuc+J=0.01067 GB (after truncation)
timer:                           Apply G to all     0.77s     0.77s 
timer:                       apply Q and update     0.00s     0.00s 
mp2_pair11 residual norms:
[0.00552]
mp2_pair11 scaled residual norms:
[0.00332]
mp2_pair22 residual norms:
[0.00552]
mp2_pair22 scaled residual norms:
[0.00332]
timer:                          update all PNOs     0.78s     0.78s 
frozen pair: no orthonormalization
timer:                                     RRCD     0.01s     0.01s 
timer:                             MRA compress     0.00s     0.00s 
timer:                          Transform Pairs     0.00s     0.00s 
saving vector of functions mp2_pair11
saving vector of functions mp2_pair22
timer:                        save pnos on disc     0.02s     0.02s 


No convergence yet. Energy change = 0.00014

timer:                        Whole Iteration 5     2.76s     2.76s 
Information About All Pairs:
mp2_pair11           number=0 rank=  1 frozen=false
mp2_pair21           number=1 rank=  0 frozen=true
mp2_pair22           number=2 rank=  1 frozen=false
number of pairs=3
average rank   =0 (0.66667)
largest rank   =1
PNOPairs Memory Information
Total: 0.00397 GB 
PNO  : 0.00397 GB 
KPNO : 0.00000 GB 
W    : 0.00000 GB 

timer:                                 truncate     0.00s     0.00s 
set mul_tol =0
wall time=57.76041 chunk=2 allK.size()=2 memory=0.00397 GB
timer:                             compute KPNO     1.13s     1.13s 
wall time=57.78518 chunk=2 allJ.size()=2 memory=0.00429 GB
timer:                             compute JPNO     0.02s     0.02s 
timer:                    compute Fock matrices     0.21s     0.21s 
timer:                             MRA compress     0.00s     0.00s 
timer:                          Transform Pairs     0.01s     0.01s 
timer:                             Canonicalize     0.01s     0.01s 
PNOPairs Memory Information
Total: 0.00793 GB 
PNO  : 0.00397 GB 
KPNO : 0.00397 GB 
W    : 0.00000 GB 

timer:                                 truncate     0.00s     0.00s 
mp2_pair21 is frozen: potential not computed
timer:                   Fluctuation Potentials     0.60s     0.60s 
timer:                       Fluctuation Matrix     0.02s     0.02s 
PNOPairs Memory Information
Total: 0.01390 GB 
PNO  : 0.00397 GB 
KPNO : 0.00397 GB 
W    : 0.00597 GB 

PNOPairs Memory Information
Total: 0.01390 GB 
PNO  : 0.00397 GB 
KPNO : 0.00397 GB 
W    : 0.00597 GB 

timer:                                 truncate     0.00s     0.00s 
timer:                             PNO Overlaps     0.01s     0.01s 
t_iter =  0  Hylleraas energy =  0.00000  ||R||_F =  0.17880  conv =  no
subspace solution [*]   1.00000000

t_iter =  1  Hylleraas energy =  -0.10721  ||R||_F =  0.00000  conv =  yes
=======================================================

Hylleraas MP2 Energies

=======================================================
    i    j      singlet      triplet        Total
=======================================================
    1    1  -5.36065e-02  0.00000e+00 -5.36065e-02
    2    1   0.00000e+00  0.00000e+00  0.00000e+00
    2    2  -5.36065e-02  0.00000e+00 -5.36065e-02
=======================================================
Hylleraas MP2 Energies (singlet): -1.07213e-01
Hylleraas MP2 Energies (triplet):  0.00000e+00
Hylleraas MP2 Energies (total)  : -1.07213e-01
=======================================================
-------------------------------------------
Total Reg Energy  =-1.07213e-01
Total F12 Energy  = 0.00000e+00
Sum Energies Total=-1.07213e-01
-------------------------------------------
timer:                         Solve Amplitudes     0.00s     0.00s 
pair11: density evals:
 [*]   0.35953212

pair22: density evals:
 [*]   0.35953210

timer:                            compress PNOs     0.00s     0.00s 
timer:                             MRA compress     0.00s     0.00s 
timer:                          Transform Pairs     0.00s     0.00s 
timer:                          PNO Compression     0.01s     0.01s 
Information About All Pairs:
mp2_pair11           number=0 rank=  1 frozen=false
mp2_pair21           number=1 rank=  0 frozen=true
mp2_pair22           number=2 rank=  1 frozen=false
number of pairs=3
average rank   =0 (6.66667e-01)
largest rank   =1
saving vector of functions mp2_pair11
saving vector of functions mp2_pair22
timer:                        save pnos on disc     0.01s     0.01s 
PNOPairs Memory Information
Total: 0.01390 GB 
PNO  : 0.00397 GB 
KPNO : 0.00397 GB 
W    : 0.00597 GB 

timer:                                 truncate     0.00s     0.00s 
timer:      compute densities for G application     0.00s     0.00s 
pair21 is frozen: no optimization
timer:                Prepare for G application     0.01s     0.01s 
timer:                                    add K     0.00s     0.00s 
size of all Vpsi potentials (without Vnuc and J) 0.00397 GB 
time=58.76702 chunk=2 Vpsi+Vnuc+J=0.01067 GB
time=58.76933 chunk=2 Vpsi+Vnuc+J=0.01067 GB (after truncation)
timer:                           Apply G to all     0.80s     0.80s 
timer:                       apply Q and update     0.00s     0.00s 
mp2_pair11 residual norms:
[0.00315]
mp2_pair11 scaled residual norms:
[0.00189]
mp2_pair22 residual norms:
[0.00315]
mp2_pair22 scaled residual norms:
[0.00189]
timer:                          update all PNOs     0.81s     0.81s 
frozen pair: no orthonormalization
timer:                                     RRCD     0.01s     0.01s 
timer:                             MRA compress     0.00s     0.00s 
timer:                          Transform Pairs     0.00s     0.00s 
saving vector of functions mp2_pair11
saving vector of functions mp2_pair22
timer:                        save pnos on disc     0.01s     0.01s 


CONVERGED!
energy change = 0.00004

re-entering loop to compute the correct amplitudes and energies
timer:                        Whole Iteration 6     2.87s     2.87s 
Information About All Pairs:
mp2_pair11           number=0 rank=  1 frozen=false
mp2_pair21           number=1 rank=  0 frozen=true
mp2_pair22           number=2 rank=  1 frozen=false
number of pairs=3
average rank   =0 (0.66667)
largest rank   =1
PNOPairs Memory Information
Total: 0.00397 GB 
PNO  : 0.00397 GB 
KPNO : 0.00000 GB 
W    : 0.00000 GB 

timer:                                 truncate     0.00s     0.00s 
set mul_tol =0
wall time=60.53881 chunk=2 allK.size()=2 memory=0.00397 GB
timer:                             compute KPNO     1.04s     1.04s 
wall time=60.55822 chunk=2 allJ.size()=2 memory=0.00429 GB
timer:                             compute JPNO     0.02s     0.02s 
timer:                    compute Fock matrices     0.16s     0.16s 
timer:                             MRA compress     0.00s     0.00s 
timer:                          Transform Pairs     0.00s     0.00s 
timer:                             Canonicalize     0.00s     0.00s 
PNOPairs Memory Information
Total: 0.00793 GB 
PNO  : 0.00397 GB 
KPNO : 0.00397 GB 
W    : 0.00000 GB 

timer:                                 truncate     0.00s     0.00s 
mp2_pair21 is frozen: potential not computed
timer:                   Fluctuation Potentials     0.54s     0.54s 
timer:                       Fluctuation Matrix     0.02s     0.02s 
PNOPairs Memory Information
Total: 0.01390 GB 
PNO  : 0.00397 GB 
KPNO : 0.00397 GB 
W    : 0.00597 GB 

PNOPairs Memory Information
Total: 0.01390 GB 
PNO  : 0.00397 GB 
KPNO : 0.00397 GB 
W    : 0.00597 GB 

timer:                                 truncate     0.00s     0.00s 
timer:                             PNO Overlaps     0.01s     0.01s 
t_iter =  0  Hylleraas energy =  0.00000  ||R||_F =  0.17894  conv =  no
subspace solution [*]   1.00000000

t_iter =  1  Hylleraas energy =  -0.10722  ||R||_F =  0.00000  conv =  yes
=======================================================

Hylleraas MP2 Energies

=======================================================
    i    j      singlet      triplet        Total
=======================================================
    1    1  -5.36108e-02  0.00000e+00 -5.36108e-02
    2    1   0.00000e+00  0.00000e+00  0.00000e+00
    2    2  -5.36108e-02  0.00000e+00 -5.36108e-02
=======================================================
Hylleraas MP2 Energies (singlet): -1.07222e-01
Hylleraas MP2 Energies (triplet):  0.00000e+00
Hylleraas MP2 Energies (total)  : -1.07222e-01
=======================================================
-------------------------------------------
Total Reg Energy  =-1.07222e-01
Total F12 Energy  = 0.00000e+00
Sum Energies Total=-1.07222e-01
-------------------------------------------
timer:                         Solve Amplitudes     0.00s     0.00s 
pair11: density evals:
 [*]   0.35905930

pair22: density evals:
 [*]   0.35905929

timer:                            compress PNOs     0.00s     0.00s 
timer:                             MRA compress     0.00s     0.00s 
timer:                          Transform Pairs     0.01s     0.01s 
timer:                          PNO Compression     0.01s     0.01s 
Information About All Pairs:
mp2_pair11           number=0 rank=  1 frozen=false
mp2_pair21           number=1 rank=  0 frozen=true
mp2_pair22           number=2 rank=  1 frozen=false
number of pairs=3
average rank   =0 (6.66667e-01)
largest rank   =1
saving vector of functions mp2_pair11
saving vector of functions mp2_pair22
timer:                        save pnos on disc     0.01s     0.01s 
exiting: Iterations converged
PNO ranks:
PNO Rank for pair pair11 = 1
PNO Rank for pair pair21 = 0
PNO Rank for pair pair22 = 1
average rank 6.66667e-01
timer:                               PNO::solve    23.96s    23.96s 

--------------------------------
ITERATE-PAIRS-INTERNAL-ENDED
--------------------------------
mp2_pair21 converged!


Adaptive Sovler:
 Current Energy=-1.0722168390e-01
 DeltaE        =-1.0722168390e-01
 max dE (pair) =-5.3610841186e-02 (2)
 all_pairs_conv=false




not converged yet

freeze pair mp2_pair21 (not further optimized: Energy below 1.0000000000e-05)
Maximum Rank of1 reached for all non-frozen pairs, no need to iterate further=======================================================

Final MP2 Energies

=======================================================
    i    j      singlet      triplet        Total
=======================================================
    1    1  -5.36108e-02  0.00000e+00 -5.36108e-02
    2    1   0.00000e+00  0.00000e+00  0.00000e+00
    2    2  -5.36108e-02  0.00000e+00 -5.36108e-02
=======================================================
Final MP2 Energies (singlet): -1.07222e-01
Final MP2 Energies (triplet):  0.00000e+00
Final MP2 Energies (total)  : -1.07222e-01
=======================================================
-------------------------------------------
Total Reg Energy  =-1.07222e-01
Total F12 Energy  = 0.00000e+00
Sum Energies Total=-1.07222e-01
-------------------------------------------
Average | Max Rank: 0 | 1



--------------------------------------------------
MRA-PNO-MP2-F12 ended 
--------------------------------------------------
                 time scf = 3.47398e+01
               energy scf = -1.53442e+01
--------------------------------------------------
restarting PNO to reload pairs that converged before and were frozen
PNO Parameters
pno
       rank_increase  15         # default   maximum rank to increase in every macroiteration
               chunk  100        # default   chunk of functions operated on in parallel when G or K is applied (prevent 
                                 #           memory shortage)
               debug  false      # default   debug mode
              freeze  1          # derived   frozen core approximation
             maxrank  1          # defined   maximal pno rank for all pairs
           guesstype  exop       # derived   the guesstype: exop (recommended, multiply polynomial excitation operators 
                                 #           onto the occupied orbitals), empty (don't compute a guess), scf (use the 
                                 #           ao basis from the SCF solver), partial_wave (create s,p,d ..., type 
                                 #           functions and place on atoms), predefined (same as partial_wave but for 
                                 #           predefined sets)
                exop  multipole  # derived   this string defines which excitation operators can be used, use 'dipole', 
                                 #           'dipole+', 'quadrupole', 'ocopole', or 'multipole', need to set guesstype 
                                 #           to 'exop' which is the default
          exop_trigo  true       # default   use trigonometric excitation operators ( x --> sin(x)
        partial_wave             # default   atom centered partial wave guess of format like 'h-2s1p-o-3s2p1d', need to 
                                 #           set guesstype to 'partial_wave' and adaptive_solver to 'none'
          predefined             # default   predefined partial wave guesses of type pvxz with x=d,t,q,5,6, need to set 
                                 #           guesstype to 'predefined' and adaptive_solver to 'none'
           maxiter_t  100        # default   maximal number of iterations in the amplitude solver
       maxiter_micro  10         # default   Maximum of iterations for every cycle in the adaptive solver
       maxiter_macro  10         # default   Maximum of iterations of cycles in the adaptive solver
                tpno  1.0000e-08 # default   PNO cutoff threshold
          tpno_tight  1.0000e-10 # derived   PNO cutoff for the first iteration
    canonicalize_pno  true       # default   canonicalize the pnos before the amplitude solver
              thresh  1.0000e-04 # defined   MRA threshold
         econv_micro  1.0000e-04 # derived   Energy convergence for microiterations (Greens function based 
                                 #           optimization) in adaptive solver
         econv_pairs  1.0000e-05 # derived   ENergy convergence for individual pairs in adaptive solver. Converged 
                                 #           pairs are frozen automatically
         econv_macro  1.0000e-04 # derived   Energy convergence for macroiterations in adaptive solver, no effect if 
                                 #           adaptive_solver is deactivated
               dconv  1.0000e-01 # default   convergence of every PNO in the Green's function solver
           op_thresh  1.0000e-06 # default   MRA operator thresh
             restart  all        # defined   restart pairs of this type, use 'mp2', 'cispd', 'all' or 'none'
          no_compute  none       # default   do not compute the pairs of this type, use 'mp2', 'cispd', 'all' or 'none' 
                                 #
              no_opt  all        # defined   do not optimize the pnos of this type, use 'mp2', 'cispd', 'all' or 'none' 
                                 #
            no_guess  all        # defined   guess for this type will be empty, use 'mp2', 'cispd', 'all' or 'none'
     adaptive_solver  none       # defined   Use adaptive solver for those pairs, use 'mp2', 'cispd', 'all' or 'none', 
                                 #           works only in combination with guesstype 'exop'
                kain  true       # default   use KAIN solver in amplitude solver
       kain_subspace  5          # default   subspace size of the KAIN solver (amplitudes)
                 f12  false      # defined   use explicit correlation
        cispd_number  -1         # default   CIS(D) excitation numbers, to read in correct functions
        cispd_energy  0.0000e+00 # default   CIS energy
        freeze_pairs  none       # default   frozen pairs will not be optimized: Expected format 'a b c d' will freeze 
                                 #           pairs ab and cd
freeze_pairs_of_orbital  []         # default    All pairs which originate from this orbital will not be optimized
active_pairs_of_orbital  []         # default    All pairs which originate from this orbital will not be frozen all 
                                 #              other pairs will, if this vector is not empty
no_opt_in_first_iteration  false      # default   Do not optimize in the first iteration (then the potentials do not 
                                 #                have to be evaluated, use this for large guesses)
            exchange  full       # default   approximate exchange with 'neglect' or xc functional -> same syntax as 
                                 #           moldft
           save_pnos  true       # default   Save the OBS-PNOs to a file, before and after orthonormalization.
            diagonal  true       # defined   Compute only diagonal PNOs
end

**********************
Solve PNO-MP2
*********************


**********************
Iterate Pairs
*********************


************************
Standard Solver
***********************

Initializing Pairs:
Restart demanded for mp2 pairs
loading vector of functions mp2_pair11
Found PNOs for mp2_pair11 with rank 1
loading vector of functions mp2_pair21
failed to find PNO mp2_pair21 initialize as zero function
nloading vector of functions mp2_pair22
Found PNOs for mp2_pair22 with rank 1
no guess was explicitly demanded for mp2

timer:                                     RRCD     0.01s     0.01s 
timer:                             MRA compress     0.00s     0.00s 
timer:                          Transform Pairs     0.00s     0.00s 
timer:          apply Q and orthonormalize PNOs     0.02s     0.02s 
Created Guess:
pair11 with 1 guess functions
pair21 with 0 guess functions
pair22 with 1 guess functions
guess pair11 size: 1.9831061363e-03 | 1.9831061363e-03 Gbyte (after truncation)
guess pair22 size: 1.9831061363e-03 | 1.9831061363e-03 Gbyte (after truncation)
timer:                           truncate guess     0.00s     0.00s 
timer:                         Initialize Pairs     0.03s     0.03s 
Information About All Pairs:
mp2_pair11           number=0 rank=  1 frozen=false
mp2_pair21           number=1 rank=  0 frozen=true
mp2_pair22           number=2 rank=  1 frozen=false
number of pairs=3
average rank   =0 (6.6666666667e-01)
largest rank   =1
SolveInternal: Parameters are assigned as
no_compute        = false
no_opt            = true
restart           = true
do_cispd          = false
econv             =1.0000000000e-04
maxrank (min,max) = (1,1)
Solving MP2 doubles
Information About All Pairs:
mp2_pair11           number=0 rank=  1 frozen=false
mp2_pair21           number=1 rank=  0 frozen=true
mp2_pair22           number=2 rank=  1 frozen=false
number of pairs=3
average rank   =0 (6.6666666667e-01)
largest rank   =1
PNOPairs Memory Information
Total: 0.0039662123 GB 
PNO  : 0.0039662123 GB 
KPNO : 0.0000000000 GB 
W    : 0.0000000000 GB 

timer:                                 truncate     0.00s     0.00s 
set mul_tol =0
wall time=63.5273830891 chunk=2 allK.size()=2 memory=0.0039662123 GB
timer:                             compute KPNO     1.03s     1.03s 
wall time=63.5470750332 chunk=2 allJ.size()=2 memory=0.0042933226 GB
timer:                             compute JPNO     0.02s     0.02s 
timer:                    compute Fock matrices     0.17s     0.17s 
timer:                             MRA compress     0.00s     0.00s 
timer:                          Transform Pairs     0.00s     0.00s 
timer:                             Canonicalize     0.00s     0.00s 
PNOPairs Memory Information
Total: 0.0079324245 GB 
PNO  : 0.0039662123 GB 
KPNO : 0.0039662123 GB 
W    : 0.0000000000 GB 

timer:                                 truncate     0.00s     0.00s 
mp2_pair21 is frozen: potential not computed
timer:                   Fluctuation Potentials     0.60s     0.60s 
timer:                       Fluctuation Matrix     0.02s     0.02s 
PNOPairs Memory Information
Total: 0.0139021873 GB 
PNO  : 0.0039662123 GB 
KPNO : 0.0039662123 GB 
W    : 0.0059697628 GB 

PNOPairs Memory Information
Total: 0.0139021873 GB 
PNO  : 0.0039662123 GB 
KPNO : 0.0039662123 GB 
W    : 0.0059697628 GB 

timer:                                 truncate     0.01s     0.01s 
timer:                             PNO Overlaps     0.02s     0.02s 
t_iter =  0  Hylleraas energy =  0.0000000000  ||R||_F =  0.1789444716  conv =  no
subspace solution [*]   1.00000000

t_iter =  1  Hylleraas energy =  -0.1072319564  ||R||_F =  0.0000000000  conv =  yes
=======================================================

Hylleraas MP2 Energies

=======================================================
    i    j      singlet      triplet        Total
=======================================================
    1    1  -5.36160e-02  0.00000e+00 -5.36160e-02
    2    1   0.00000e+00  0.00000e+00  0.00000e+00
    2    2  -5.36160e-02  0.00000e+00 -5.36160e-02
=======================================================
Hylleraas MP2 Energies (singlet): -1.07232e-01
Hylleraas MP2 Energies (triplet):  0.00000e+00
Hylleraas MP2 Energies (total)  : -1.07232e-01
=======================================================
-------------------------------------------
Total Reg Energy  =-1.07232e-01
Total F12 Energy  = 0.00000e+00
Sum Energies Total=-1.07232e-01
-------------------------------------------
timer:                         Solve Amplitudes     0.00s     0.00s 
No optimization untill now: Compressing pno ranks with tighter threshold
1.00000e-10 instead of 1.00000e-08
pair11: density evals:
 [*]   0.35909710

pair22: density evals:
 [*]   0.35909709

timer:                            compress PNOs     0.00s     0.00s 
timer:                             MRA compress     0.00s     0.00s 
timer:                          Transform Pairs     0.01s     0.01s 
timer:                          PNO Compression     0.01s     0.01s 
Information About All Pairs:
mp2_pair11           number=0 rank=  1 frozen=false
mp2_pair21           number=1 rank=  0 frozen=true
mp2_pair22           number=2 rank=  1 frozen=false
number of pairs=3
average rank   =0 (6.66667e-01)
largest rank   =1
saving vector of functions mp2_pair11
saving vector of functions mp2_pair22
timer:                        save pnos on disc     0.01s     0.01s 
exiting: Found no_opt keyword
PNO ranks:
PNO Rank for pair pair11 = 1
PNO Rank for pair pair21 = 0
PNO Rank for pair pair22 = 1
average rank 6.66667e-01
timer:                               PNO::solve     3.03s     3.03s 

--------------------------------
ITERATE-PAIRS-INTERNAL-ENDED
--------------------------------
=======================================================

Final MP2 Energies

=======================================================
    i    j      singlet      triplet        Total
=======================================================
    1    1  -5.36160e-02  0.00000e+00 -5.36160e-02
    2    1   0.00000e+00  0.00000e+00  0.00000e+00
    2    2  -5.36160e-02  0.00000e+00 -5.36160e-02
=======================================================
Final MP2 Energies (singlet): -1.07232e-01
Final MP2 Energies (triplet):  0.00000e+00
Final MP2 Energies (total)  : -1.07232e-01
=======================================================
-------------------------------------------
Total Reg Energy  =-1.07232e-01
Total F12 Energy  = 0.00000e+00
Sum Energies Total=-1.07232e-01
-------------------------------------------
Average | Max Rank: 0 | 1
                 time pno = 2.64280e+01
               energy mp2 = -1.07232e-01
     average pno rank mp2 = 0
         max pno rank mp2 = 1
--------------------------------------------------
            energy(total) = -1.54515e+01
--------------------------------------------------



Orthonormalization technique used: symmetric
No CABS used.
Tightening thresholds to +0.00010000 for post-processing
adding pair11
skipping pair (not diagonal) pair21
adding pair22
Overlap Matrix of all PNOs:
+1.00001211 -0.96503925 
-0.96503925 +1.00001211 
Before cherry pick
rank is +0
all used occupation numbers:
[+0.35909710 +0.35909709 ]
corresponding to active pairs:
[(0,0) (1,1) ]
After cherry pick
all used occupation numbers:
[+0.35909710 +0.35909709 ]
corresponding to active pairs:
[(0,0) (1,1) ]
Overlap Matrix before symmetric
[+0,*]  +1.00001211  -0.96503925
[+1,*]  -0.96503925  +1.00001211
Overlap Matrix after symmetric
[+0,*]  +1.00000040  +0.00000041
[+1,*]  +0.00000041  +1.00000040
Adding 3 HF orbitals
Size before adding CABS: 5.
Size after adding CABS: 5.
Compute G and F Tensor:
Assemble g,f using symmetries...
non zero elements:
 g : +1185
 h : +25
Overlap over whole basis
[+0,*]  +1.00000000  -0.00000030  +0.00000030  -0.00003565  +0.00003565
[+1,*]  -0.00000030  +1.00000000  -0.00000000  -0.00001732  +0.00000041
[+2,*]  +0.00000030  -0.00000000  +1.00000000  +0.00000041  -0.00001732
[+3,*]  -0.00003565  -0.00001732  +0.00000041  +1.00000040  +0.00000041
[+4,*]  +0.00003565  +0.00000041  -0.00001732  +0.00000041  +1.00000040

||S-1||=+0.00007928
finished at time 73.0

    Parallel environment
    --------------------
                  #nodes    1
       #threads per node    11+main = 12
          #total threads    12

  RMI message statistics (min / avg / max)
  ----------------------
   #messages in server q    0.00e+00 / 0.00e+00 / 0.00e+00
 #messages sent per node    0.00e+00 / 0.00e+00 / 0.00e+00
    #bytes sent per node    0.00e+00 / 0.00e+00 / 0.00e+00
 #messages recv per node    0.00e+00 / 0.00e+00 / 0.00e+00
    #bytes recv per node    0.00e+00 / 0.00e+00 / 0.00e+00
        #msgs systemwide    0.00e+00
       #bytes systemwide    0.00e+00

  Thread pool statistics (min / avg / max)
  ----------------------
         #tasks per node    1.60e+07 / 1.60e+07 / 1.60e+07
     #max q len per node    1.10e+04 / 1.10e+04 / 1.10e+04
  #hi-pri tasks per node    5.21e+06 / 5.21e+06 / 5.21e+06

         Total wall time    73.0s
         Total  cpu time    73.0s

