MADNESS runtime initialized with 11 threads in the pool and affinity -1 -1 -1
starting at time 0.1

--------------------------------------------
   MADNESS 0.10.1 multiresolution suite
--------------------------------------------

   number of processors ... 1
    processor frequency ... 1.996243e+09
            host system ... Linux
          configured by ... 
          configured on ... qalg027
          configured at ... 2023-06-23T08:58:21
                    CXX ... /home/jsk/anaconda3/envs/madtequila-recipe/conda-bld/madtequila_1687503476263/_build_env/bin/x86_64-conda-linux-gnu-c++
               CXXFLAGS ... -O3 -DNDEBUG -std=c++17
             tuning for ... default
                    MPI ... stubbed out
 multi-threaded runtime ... MADNESS ThreadPool
                   BLAS ... Intel MKL 13477 13477 MFLOP/s
               compiled ... 08:59:46  on  Jun 23 2023


-------------------------------------------------------------------------------------
SOLVING MRA-PNO-F12 as described in 
J.S. Kottmann, F.A. Bischoff, E.F. Valeev
Direct determination of optimal pair-natural orbitals in a real-space representation:
the second-order Møller-Plesset energy
Journal of Chemical Physics ... 2020
-------------------------------------------------------------------------------------


This script will run PNO-MP2 and print out tensors in binary
Call as: pno_integrals inputfile
input is input
ignoring unknown parameter in input file:  ncf
              prefix  mad        # default   prefixes your output/restart/json/plot/etc files
              charge  0.0000e+00 # defined   total molecular charge
                  xc  hf         # defined   XC input line
               smear  0.0000e+00 # default   smearing parameter
               econv  1.0000e-04 # defined   energy convergence
               dconv  5.0000e-04 # defined   density convergence
convergence_criteria  [bsh_residual, total_energy] # default   possible values are: bsh_residual, total_energy, 
                                 #                             each_energy, density
                   k  7          # defined   polynomial order
                   l  5.5669e+01 # derived   user coordinates box size
               deriv  abgv       # default   derivative method                       [abgv, bspline, ble]
           dft_deriv  abgv       # default   derivative method for gga               [abgv, bspline, ble]
                                 #           potentials
             maxrotn  2.5000e-01 # default   step restriction used in autoshift algorithm
             nvalpha  0          # default   number of alpha virtuals to compute
              nvbeta  0          # default   number of beta virtuals to compute
               nopen  0          # default   number of unpaired electrons = nalpha-nbeta
             maxiter  25         # default   maximum number of iterations
                 nio  1          # default   no. of io servers to use
     spin_restricted  true       # default   true if spin restricted
              plotlo  0          # default   range of MOs to print (for both spins if polarized
              plothi  -1         # default   range of MOs to print (for both spins if polarized
            plotdens  false      # default   If true print the density at convergence
            plotcoul  false      # default   If true plot the total coulomb potential at convergence
            localize  boys       # defined   localization method                     [pm, boys, new, canon]
          pointgroup  c1         # derived   use point (sub) group symmetry if       [c1, c2, ci, cs, c2v, c2h, d2, d2h]
                                 #           not localized
             restart  false      # default   if true restart from orbitals on disk
           restartao  false      # default   if true restart from orbitals projected into AO basis (STO3G) on disk
          no_compute  false      # default   if true use orbitals on disk, set value to computed
                save  true       # default   if true save orbitals to disk
              maxsub  10         # default   size of iterative subspace ... set to 0 or 1 to disable
        orbitalshift  0.0000e+00 # default   scf orbital shift: shift the occ orbitals to lower energies
            npt_plot  101        # default   no. of points to use in each dim for plots
           plot_cell  []         # default   lo hi in each dimension for plotting (default is all space)
             aobasis  6-31g      # derived   AO basis used for initial guess (6-31gss, 6-31g, 3-21g, sto-6g, sto-3g)
         derivatives  false      # default   if true calculate nuclear derivatives
              dipole  false      # default   if true calculate dipole moment
      conv_only_dens  false      # default   if true remove bsh_residual from convergence criteria (deprecated)
            psp_calc  false      # default   pseudopotential calculation for all atoms
            pcm_data  none       # default   do a PCM (solvent) calculation
             ac_data  none       # default   do a calculation with asymptotic correction (see ACParameters class in 
                                 #           chem/AC.h for details)
             pure_ae  true       # default   pure all electron calculation with no pseudo-atoms
         print_level  3          # default   0: no output; 1: final energy; 2: iterations; 3: timings; 10: debug
 molecular_structure  inputfile  # default   where to read the molecule from: inputfile or name from the library
              nalpha  2          # derived   number of alpha spin electrons
               nbeta  2          # derived   number of beta  spin electrons
           nmo_alpha  2          # derived   number of alpha spin molecular orbitals
            nmo_beta  2          # derived   number of beta spin molecular orbitals
                  lo  1.4683e-03 # derived   smallest length scale we need to resolve
            protocol  [1.0000e-04, 1.0000e-06] # derived   calculation protocol
                gopt  false      # default   geometry optimizer
                gtol  1.0000e-04 # default   geometry tolerance
               gtest  false      # default   geometry tolerance
                gval  1.0000e-05 # default   value precision
               gprec  1.0000e-04 # default   gradient precision
            gmaxiter  20         # default   optimization maxiter
    ginitial_hessian  false      # default   compute inital hessian for optimization
              algopt  bfgs       # default   algorithm used for optimization         [bfgs, cg]
           nv_factor  1          # default   factor to multiply number of virtual orbitals with when automatically 
                                 #           decreasing nvirt
           vnucextra  2          # default   load balance parameter for nuclear pot
        loadbalparts  2          # default   ??
              nwfile  none       # default   Base name of nwchem output files (.out and .movecs extensions) to read 
                                 #           from
                 ncf  (none,1.0000e+00) # defined   nuclear correlation factor
             hessian  false      # default   compute the hessian matrix
           read_cphf  false      # default   read the converged orbital response for nuclear displacements from file
        restart_cphf  false      # default   read the guess orbital response for nuclear displacements from file
      purify_hessian  false      # default   symmetrize the hessian matrix based on atomic charges

Solving NDIM= 3  with thresh 1.000000e-04     k 7    conv 5.000000e-04 

timer:     Project vnuclear     0.08s     0.08s
constructed nuclear correlation factor of the form
    R   =  1.000000e+00
with eprec  1.000000e-06
which means it's (nearly) a conventional calculation

timer:                 reproject ncf    0.37s 0.37s
timer:        guess density     0.09s     0.09s
timer:   guess Coulomb potn     0.33s     0.33s
timer:       guess lda potn     0.06s     0.06s
timer:        guess overlap     0.01s     0.01s
timer:    KEmat reconstruct     0.01s     0.01s
timer:  KEmat differentiate     0.06s     0.06s
timer:       KEmat compress     0.02s     0.02s
timer: KEmat inner products     0.02s     0.02s
timer:     guess Kinet potn     0.12s     0.12s
timer:           guess fock     0.09s     0.09s
timer:      guess eigen sol     0.00s     0.00s
timer: guess orbital groupi     0.01s     0.01s

starting protocol at time     1.6s
precision steps  1.000000e-04  -->  1.000000e-04
protocol: thresh 1.000000e-04 econv  1.000000e-04 dconv 5.000000e-04

Solving NDIM= 3  with thresh 1.000000e-04     k 7    conv 5.000000e-04 

timer:   initialize Coulomb operator    0.29s 0.29s
timer:         initialize K operator    0.10s 0.10s
completed task   0 after    0.0s at time    2.4s
completed task   1 after    0.5s at time    2.9s
cloud storing cpu time 0.0
cloud replication cpu time 0.0
cloud reading cpu time 0.0 
cloud cache stores     5
cloud cache loads      5
completed taskqueue after     0.5s at time  2.9s
 total cpu time / per world   0.5s  0.5s
timer:                 compute Knemo    0.53s 0.53s
timer:      compute Unemo 0.00805509    0.13s 0.13s

  nuclear and kinetic     -10.92978585
         kinetic only       8.01123832
              coulomb       4.94750857
       exact exchange      -2.20323469
    nuclear-repulsion       0.39688291
   regularized energy      -7.78862906
timer:                compute energy    0.74s 0.74s
timer:           compute fock matrix    0.13s 0.13s
timer:                     BSH apply    0.59s 0.59s
timer:                 solver.update    0.05s 0.05s
  restricting step for ab spin case orbitals: 1
Norm of vector changes ab spin case : rms 3.072463e-01    max 4.341954e-01
convergence: bshresidual, energy change, max energy change, density change 5.2e-01 7.8e+00 7.8e+00 8.8e-01
timer:                orbital update    0.20s 0.20s
finished iteration  0 at time      4.7s with energy   -7.78862906
timer:   initialize Coulomb operator    0.30s 0.30s
timer:         initialize K operator    0.13s 0.13s
completed task   0 after    0.0s at time    5.5s
completed task   1 after    0.4s at time    5.9s
cloud storing cpu time 0.0
cloud replication cpu time 0.0
cloud reading cpu time 0.0 
cloud cache stores     5
cloud cache loads      5
completed taskqueue after     0.4s at time  5.9s
 total cpu time / per world   0.4s  0.4s
timer:                 compute Knemo    0.43s 0.43s
timer:       compute Unemo 0.0083822    0.07s 0.07s

  nuclear and kinetic     -10.89290325
         kinetic only       7.77888133
              coulomb       4.71437762
       exact exchange      -2.07875702
    nuclear-repulsion       0.39688291
   regularized energy      -7.86039975
timer:                compute energy    0.59s 0.59s
timer:           compute fock matrix    0.14s 0.14s
timer:                     BSH apply    0.42s 0.42s
timer:                 solver.update    0.02s 0.02s
Norm of vector changes ab spin case : rms 5.952561e-02    max 8.408776e-02
convergence: bshresidual, energy change, max energy change, density change 7.9e-02 7.2e-02 2.3e-01 1.0e-02
timer:                orbital update    0.10s 0.10s
finished iteration  1 at time      7.2s with energy   -7.86039975
timer:   initialize Coulomb operator    0.26s 0.26s
timer:         initialize K operator    0.07s 0.07s
completed task   0 after    0.0s at time    7.8s
completed task   1 after    0.3s at time    8.1s
cloud storing cpu time 0.0
cloud replication cpu time 0.0
cloud reading cpu time 0.0 
cloud cache stores     5
cloud cache loads      5
completed taskqueue after     0.4s at time  8.1s
 total cpu time / per world   0.4s  0.4s
timer:                 compute Knemo    0.37s 0.37s
timer:       compute Unemo 0.0083822    0.05s 0.05s

  nuclear and kinetic     -10.90171470
         kinetic only       7.75969203
              coulomb       4.68930746
       exact exchange      -2.05344947
    nuclear-repulsion       0.39688291
   regularized energy      -7.86897379
timer:                compute energy    0.26s 0.26s
timer:           compute fock matrix    0.09s 0.09s
timer:                     BSH apply    0.40s 0.40s
timer:                 solver.update    0.03s 0.03s
Norm of vector changes ab spin case : rms 7.975800e-02    max 1.127738e-01
convergence: bshresidual, energy change, max energy change, density change 4.0e-02 8.6e-03 2.5e-02 1.3e-02
timer:                orbital update    0.15s 0.15s
finished iteration  2 at time      9.1s with energy   -7.86897379
timer:   initialize Coulomb operator    0.24s 0.24s
timer:         initialize K operator    0.08s 0.08s
completed task   0 after    0.0s at time    9.7s
completed task   1 after    0.3s at time   10.1s
cloud storing cpu time 0.0
cloud replication cpu time 0.0
cloud reading cpu time 0.0 
cloud cache stores     5
cloud cache loads      5
completed taskqueue after     0.3s at time 10.1s
 total cpu time / per world   0.3s  0.3s
timer:                 compute Knemo    0.34s 0.34s
timer:      compute Unemo 0.00862753    0.04s 0.04s

  nuclear and kinetic     -10.92061058
         kinetic only       7.73242396
              coulomb       4.66917337
       exact exchange      -2.01875598
    nuclear-repulsion       0.39688291
   regularized energy      -7.87331030
timer:                compute energy    0.32s 0.32s
timer:           compute fock matrix    0.10s 0.10s
timer:                     BSH apply    0.41s 0.41s
timer:                 solver.update    0.04s 0.04s
Norm of vector changes ab spin case : rms 1.697916e-02    max 2.398944e-02
convergence: bshresidual, energy change, max energy change, density change 1.2e-02 4.3e-03 3.5e-02 1.5e-03
timer:                orbital update    0.12s 0.12s
finished iteration  3 at time     11.1s with energy   -7.87331030
timer:   initialize Coulomb operator    0.23s 0.23s
timer:         initialize K operator    0.07s 0.07s
completed task   0 after    0.0s at time   11.6s
completed task   1 after    0.3s at time   11.9s
cloud storing cpu time 0.0
cloud replication cpu time 0.0
cloud reading cpu time 0.0 
cloud cache stores     5
cloud cache loads      5
completed taskqueue after     0.3s at time 11.9s
 total cpu time / per world   0.3s  0.3s
timer:                 compute Knemo    0.35s 0.35s
timer:      compute Unemo 0.00870931    0.04s 0.04s

  nuclear and kinetic     -10.92313305
         kinetic only       7.73164948
              coulomb       4.67149214
       exact exchange      -2.01898254
    nuclear-repulsion       0.39688291
   regularized energy      -7.87374055
timer:                compute energy    0.27s 0.27s
timer:           compute fock matrix    0.09s 0.09s
timer:                     BSH apply    0.41s 0.41s
timer:                 solver.update    0.05s 0.05s
Norm of vector changes ab spin case : rms 4.019545e-02    max 5.684395e-02
convergence: bshresidual, energy change, max energy change, density change 6.8e-03 4.3e-04 2.5e-03 4.0e-03
timer:                orbital update    0.12s 0.12s
finished iteration  4 at time     12.9s with energy   -7.87374055
timer:   initialize Coulomb operator    0.22s 0.22s
timer:         initialize K operator    0.11s 0.11s
completed task   0 after    0.0s at time   13.5s
completed task   1 after    0.4s at time   13.9s
cloud storing cpu time 0.0
cloud replication cpu time 0.0
cloud reading cpu time 0.0 
cloud cache stores     5
cloud cache loads      5
completed taskqueue after     0.4s at time 13.9s
 total cpu time / per world   0.4s  0.4s
timer:                 compute Knemo    0.44s 0.44s
timer:      compute Unemo 0.00870931    0.08s 0.08s

  nuclear and kinetic     -10.93690575
         kinetic only       7.73038422
              coulomb       4.67200374
       exact exchange      -2.00563992
    nuclear-repulsion       0.39688291
   regularized energy      -7.87365901
timer:                compute energy    0.44s 0.44s
timer:           compute fock matrix    0.15s 0.15s
timer:                     BSH apply    0.40s 0.40s
timer:                 solver.update    0.05s 0.05s
Norm of vector changes ab spin case : rms 2.468384e-02    max 3.490609e-02
convergence: bshresidual, energy change, max energy change, density change 9.5e-03 8.2e-05 1.4e-02 3.5e-03
timer:                orbital update    0.11s 0.11s
finished iteration  5 at time     15.1s with energy   -7.87365901
timer:   initialize Coulomb operator    0.25s 0.25s
timer:         initialize K operator    0.09s 0.09s
completed task   0 after    0.0s at time   15.7s
completed task   1 after    0.4s at time   16.1s
cloud storing cpu time 0.0
cloud replication cpu time 0.0
cloud reading cpu time 0.0 
cloud cache stores     5
cloud cache loads      5
completed taskqueue after     0.4s at time 16.1s
 total cpu time / per world   0.4s  0.4s
timer:                 compute Knemo    0.40s 0.40s
timer:      compute Unemo 0.00870931    0.04s 0.04s

  nuclear and kinetic     -10.92840846
         kinetic only       7.73576224
              coulomb       4.67364157
       exact exchange      -2.01604845
    nuclear-repulsion       0.39688291
   regularized energy      -7.87393243
timer:                compute energy    0.39s 0.39s
timer:           compute fock matrix    0.09s 0.09s
timer:                     BSH apply    0.40s 0.40s
timer:                 solver.update    0.06s 0.06s
Norm of vector changes ab spin case : rms 6.041902e-03    max 8.542743e-03
convergence: bshresidual, energy change, max energy change, density change 2.3e-03 2.7e-04 1.0e-02 3.0e-04
timer:                orbital update    0.18s 0.18s
finished iteration  6 at time     17.2s with energy   -7.87393243
timer:   initialize Coulomb operator    0.22s 0.22s
timer:         initialize K operator    0.06s 0.06s
completed task   0 after    0.0s at time   17.7s
completed task   1 after    0.3s at time   18.1s
cloud storing cpu time 0.0
cloud replication cpu time 0.0
cloud reading cpu time 0.0 
cloud cache stores     5
cloud cache loads      5
completed taskqueue after     0.4s at time 18.1s
 total cpu time / per world   0.4s  0.4s
timer:                 compute Knemo    0.36s 0.36s
timer:      compute Unemo 0.00870931    0.05s 0.05s

  nuclear and kinetic     -10.92942532
         kinetic only       7.73790000
              coulomb       4.67425150
       exact exchange      -2.01565825
    nuclear-repulsion       0.39688291
   regularized energy      -7.87394916
timer:                compute energy    0.43s 0.43s
timer:           compute fock matrix    0.11s 0.11s
timer:                     BSH apply    0.44s 0.44s
timer:                 solver.update    0.07s 0.07s
Norm of vector changes ab spin case : rms 2.959257e-03    max 4.184785e-03
convergence: bshresidual, energy change, max energy change, density change 1.6e-03 1.7e-05 2.1e-03 5.2e-04
timer:                orbital update    0.13s 0.13s
finished iteration  7 at time     19.3s with energy   -7.87394916
timer:   initialize Coulomb operator    0.26s 0.26s
timer:         initialize K operator    0.07s 0.07s
completed task   0 after    0.0s at time   19.9s
completed task   1 after    0.4s at time   20.3s
cloud storing cpu time 0.0
cloud replication cpu time 0.0
cloud reading cpu time 0.0 
cloud cache stores     5
cloud cache loads      5
completed taskqueue after     0.4s at time 20.3s
 total cpu time / per world   0.4s  0.4s
timer:                 compute Knemo    0.39s 0.39s
timer:      compute Unemo 0.00870931    0.06s 0.06s

  nuclear and kinetic     -10.93010704
         kinetic only       7.73676927
              coulomb       4.67349040
       exact exchange      -2.01421992
    nuclear-repulsion       0.39688291
   regularized energy      -7.87395365
timer:                compute energy    0.55s 0.55s
timer:           compute fock matrix    0.11s 0.11s
timer:                     BSH apply    0.54s 0.54s
timer:                 solver.update    0.13s 0.13s
Norm of vector changes ab spin case : rms 3.310040e-04    max 4.677724e-04
convergence: bshresidual, energy change, max energy change, density change 2.3e-04 4.5e-06 1.4e-03 3.1e-05
timer:                orbital update    0.11s 0.11s
finished iteration  8 at time     21.8s with energy   -7.87395365

Iterations converged


 Dipole Moment (a.u.)
 -----------

     x:  8.984220e-11
     y:  8.986679e-11
     z:  -5.269463e+00
 Total Dipole Moment:  5.269463e+00 

timer:               dipole     0.01s     0.01s
Nemo Orbital Energies: [*]  -2.60049174  -0.20529130

SCF DATA TO JSON
nemo energy:  -7.873954e+00
 at time 21.8
ignoring unknown parameter in input file:  n_virt
PNO Integrals evaluated as:
pnoint
       rank_increase  15         # default   maximum rank to increase in every macroiteration
               chunk  100        # default   chunk of functions operated on in parallel when G or K is applied (prevent 
                                 #           memory shortage)
               debug  false      # default   debug mode
              freeze  1          # derived   frozen core approximation
             maxrank  1          # defined   maximal pno rank for all pairs
           guesstype  exop       # derived   the guesstype: exop (recommended, multiply polynomial excitation operators 
                                 #           onto the occupied orbitals), empty (don't compute a guess), scf (use the 
                                 #           ao basis from the SCF solver), partial_wave (create s,p,d ..., type 
                                 #           functions and place on atoms), predefined (same as partial_wave but for 
                                 #           predefined sets)
                exop  multipole  # derived   this string defines which excitation operators can be used, use 'dipole', 
                                 #           'dipole+', 'quadrupole', 'ocopole', or 'multipole', need to set guesstype 
                                 #           to 'exop' which is the default
          exop_trigo  true       # default   use trigonometric excitation operators ( x --> sin(x)
        partial_wave             # default   atom centered partial wave guess of format like 'h-2s1p-o-3s2p1d', need to 
                                 #           set guesstype to 'partial_wave' and adaptive_solver to 'none'
          predefined             # default   predefined partial wave guesses of type pvxz with x=d,t,q,5,6, need to set 
                                 #           guesstype to 'predefined' and adaptive_solver to 'none'
           maxiter_t  100        # default   maximal number of iterations in the amplitude solver
       maxiter_micro  10         # default   Maximum of iterations for every cycle in the adaptive solver
       maxiter_macro  10         # default   Maximum of iterations of cycles in the adaptive solver
                tpno  1.0000e-08 # default   PNO cutoff threshold
          tpno_tight  1.0000e-10 # derived   PNO cutoff for the first iteration
    canonicalize_pno  true       # default   canonicalize the pnos before the amplitude solver
              thresh  1.0000e-04 # defined   MRA threshold
         econv_micro  1.0000e-04 # derived   Energy convergence for microiterations (Greens function based 
                                 #           optimization) in adaptive solver
         econv_pairs  1.0000e-05 # derived   ENergy convergence for individual pairs in adaptive solver. Converged 
                                 #           pairs are frozen automatically
         econv_macro  1.0000e-04 # derived   Energy convergence for macroiterations in adaptive solver, no effect if 
                                 #           adaptive_solver is deactivated
               dconv  1.0000e-01 # default   convergence of every PNO in the Green's function solver
           op_thresh  1.0000e-06 # default   MRA operator thresh
             restart  none       # derived   restart pairs of this type, use 'mp2', 'cispd', 'all' or 'none'
          no_compute  none       # default   do not compute the pairs of this type, use 'mp2', 'cispd', 'all' or 'none' 
                                 #
              no_opt  none       # default   do not optimize the pnos of this type, use 'mp2', 'cispd', 'all' or 'none' 
                                 #
            no_guess  none       # derived   guess for this type will be empty, use 'mp2', 'cispd', 'all' or 'none'
     adaptive_solver  all        # default   Use adaptive solver for those pairs, use 'mp2', 'cispd', 'all' or 'none', 
                                 #           works only in combination with guesstype 'exop'
                kain  true       # default   use KAIN solver in amplitude solver
       kain_subspace  5          # default   subspace size of the KAIN solver (amplitudes)
                 f12  false      # defined   use explicit correlation
        cispd_number  -1         # default   CIS(D) excitation numbers, to read in correct functions
        cispd_energy  0.0000e+00 # default   CIS energy
        freeze_pairs  none       # default   frozen pairs will not be optimized: Expected format 'a b c d' will freeze 
                                 #           pairs ab and cd
freeze_pairs_of_orbital  []         # default    All pairs which originate from this orbital will not be optimized
active_pairs_of_orbital  []         # default    All pairs which originate from this orbital will not be frozen all 
                                 #              other pairs will, if this vector is not empty
no_opt_in_first_iteration  false      # default   Do not optimize in the first iteration (then the potentials do not 
                                 #                have to be evaluated, use this for large guesses)
            exchange  full       # default   approximate exchange with 'neglect' or xc functional -> same syntax as 
                                 #           moldft
           save_pnos  true       # default   Save the OBS-PNOs to a file, before and after orthonormalization.
            diagonal  true       # defined   Compute only diagonal PNOs
              orthog  symmetric  # defined   orthogonalization method for PNO basis, also current default for a 
                                 #           potential CABS. options: symmetric, canonical, cholesky, rr_cholesky,
         orthog_cabs  default    # default   orthogonalization method for CABS basis. options: symmetric, canonical, 
                                 #           cholesky, rr_cholesky, uses same as orbitals basis if default.
               n_pno  1          # defined   desired size of PNO-basis (orbital space)
         cabs_option  none       # default   type of complementary auxiliary basis to be used. can be none ~ no CABS, 
                                 #           gbs ~ Gaussian basis set as CABS, requires input via auxbas_file, pno ~ 
                                 #           use superfluous PNOs as CABS, mixed ~ gbs&pno-option
       pno_cabs_size  -1         # default   size of a potential pno-cabs. defaults to -1 ~ all remaining PNOs, if 
                                 #           pno-cabs or mixed-cabs
           only_diag  true       # derived   use only diagonal elements PNOs
         cherry_pick  []         # default   cherry pick option to choose particular set of PNOs, not just blindly by 
                                 #           occupation number. can be useful, if only a restricted number of PNOs can 
                                 #           be used, to avoid separating degenerate pairs. can be envoked by passing a 
                                 #           vector via [ elem1, elem2, ... ]
         ignore_pair  []         # default   ignore certain pairs in the selection of pnos numbering is 00-0, 01-1, 
                                 #           02-2 ...
               gamma  1.4000e+00 # default   The f12 length scale, here to be used to compute f12-integrals
         cabs_thresh  1.0000e-04 # derived    thresh for cabs part
              auxbas  none       # default   atom centered partial wave guess of format like 'h-2s1p-o-3s2p1d'
         auxbas_file  none       # default   Use external comp. aux. basis in addition to the pnos as auxbasis. Give 
                                 #           the filename as parameter. Give the auxbas in turbomole format. Don't use 
                                 #           contractions. If a file is specified the auxbas parameter has no effect
   print_pno_overlap  true       # default   Print overlap matrix at certain steps in computation, for debugging 
                                 #           purposes.
      hardcore_boson  false      # default   compute only integrals for hardcore boson hamiltonian (restricted to 
                                 #           double occupations)
end
F12 Operators initialized right
timer:                    Testing F12 Operators     0.20s     0.20s 
set mul_tol =0
timer:  Initializing (active) Exchange Orbitals     0.20s     0.20s 
Size of active mos and their exchange potentials:
K(acmos)=1.410663e-03 Gbyte
acmos   =1.093775e-03 Gbyte
PNO Parameters
pno
       rank_increase  15         # default   maximum rank to increase in every macroiteration
               chunk  100        # default   chunk of functions operated on in parallel when G or K is applied (prevent 
                                 #           memory shortage)
               debug  false      # default   debug mode
              freeze  1          # derived   frozen core approximation
             maxrank  1          # defined   maximal pno rank for all pairs
           guesstype  exop       # derived   the guesstype: exop (recommended, multiply polynomial excitation operators 
                                 #           onto the occupied orbitals), empty (don't compute a guess), scf (use the 
                                 #           ao basis from the SCF solver), partial_wave (create s,p,d ..., type 
                                 #           functions and place on atoms), predefined (same as partial_wave but for 
                                 #           predefined sets)
                exop  multipole  # derived   this string defines which excitation operators can be used, use 'dipole', 
                                 #           'dipole+', 'quadrupole', 'ocopole', or 'multipole', need to set guesstype 
                                 #           to 'exop' which is the default
          exop_trigo  true       # default   use trigonometric excitation operators ( x --> sin(x)
        partial_wave             # default   atom centered partial wave guess of format like 'h-2s1p-o-3s2p1d', need to 
                                 #           set guesstype to 'partial_wave' and adaptive_solver to 'none'
          predefined             # default   predefined partial wave guesses of type pvxz with x=d,t,q,5,6, need to set 
                                 #           guesstype to 'predefined' and adaptive_solver to 'none'
           maxiter_t  100        # default   maximal number of iterations in the amplitude solver
       maxiter_micro  10         # default   Maximum of iterations for every cycle in the adaptive solver
       maxiter_macro  10         # default   Maximum of iterations of cycles in the adaptive solver
                tpno  1.0000e-08 # default   PNO cutoff threshold
          tpno_tight  1.0000e-10 # derived   PNO cutoff for the first iteration
    canonicalize_pno  true       # default   canonicalize the pnos before the amplitude solver
              thresh  1.0000e-04 # defined   MRA threshold
         econv_micro  1.0000e-04 # derived   Energy convergence for microiterations (Greens function based 
                                 #           optimization) in adaptive solver
         econv_pairs  1.0000e-05 # derived   ENergy convergence for individual pairs in adaptive solver. Converged 
                                 #           pairs are frozen automatically
         econv_macro  1.0000e-04 # derived   Energy convergence for macroiterations in adaptive solver, no effect if 
                                 #           adaptive_solver is deactivated
               dconv  1.0000e-01 # default   convergence of every PNO in the Green's function solver
           op_thresh  1.0000e-06 # default   MRA operator thresh
             restart  none       # derived   restart pairs of this type, use 'mp2', 'cispd', 'all' or 'none'
          no_compute  none       # default   do not compute the pairs of this type, use 'mp2', 'cispd', 'all' or 'none' 
                                 #
              no_opt  none       # default   do not optimize the pnos of this type, use 'mp2', 'cispd', 'all' or 'none' 
                                 #
            no_guess  none       # derived   guess for this type will be empty, use 'mp2', 'cispd', 'all' or 'none'
     adaptive_solver  all        # default   Use adaptive solver for those pairs, use 'mp2', 'cispd', 'all' or 'none', 
                                 #           works only in combination with guesstype 'exop'
                kain  true       # default   use KAIN solver in amplitude solver
       kain_subspace  5          # default   subspace size of the KAIN solver (amplitudes)
                 f12  false      # defined   use explicit correlation
        cispd_number  -1         # default   CIS(D) excitation numbers, to read in correct functions
        cispd_energy  0.0000e+00 # default   CIS energy
        freeze_pairs  none       # default   frozen pairs will not be optimized: Expected format 'a b c d' will freeze 
                                 #           pairs ab and cd
freeze_pairs_of_orbital  []         # default    All pairs which originate from this orbital will not be optimized
active_pairs_of_orbital  []         # default    All pairs which originate from this orbital will not be frozen all 
                                 #              other pairs will, if this vector is not empty
no_opt_in_first_iteration  false      # default   Do not optimize in the first iteration (then the potentials do not 
                                 #                have to be evaluated, use this for large guesses)
            exchange  full       # default   approximate exchange with 'neglect' or xc functional -> same syntax as 
                                 #           moldft
           save_pnos  true       # default   Save the OBS-PNOs to a file, before and after orthonormalization.
            diagonal  true       # defined   Compute only diagonal PNOs
end

**********************
Solve PNO-MP2
*********************


**********************
Iterate Pairs
*********************


************************
Adaptive Solver
***********************

Initializing empty Pairs:
no guess was explicitly demanded for mp2

timer:                                     RRCD     0.00s     0.00s 
timer:                             MRA compress     0.00s     0.00s 
timer:                          Transform Pairs     0.00s     0.00s 
timer:          apply Q and orthonormalize PNOs     0.00s     0.00s 
Created Guess:
pair11 with 0 guess functions
guess pair11 size: 0.0000000000e+00 | 0.0000000000e+00 Gbyte (after truncation)
timer:                           truncate guess     0.00s     0.00s 
timer:                         Initialize Pairs     0.00s     0.00s 
Keyword multipole is not known
Guess protocol for adaptively growing ranks is: [dipole+, quadrupole, octopole, octopole, octopole, octopole, octopole, octopole, octopole, octopole]


--------Adaptive Solver Macroiteration 0 from max 10 ----------

Growing ranks with exop=dipole+
Create guess functions by multiplying plane-waves to 1 functions 
Created 4 virtuals for pair11
timer:                                     RRCD     0.00s     0.00s 
timer:                             MRA compress     0.00s     0.00s 
timer:                          Transform Pairs     0.00s     0.00s 
timer:                        grow PNO subspace     0.04s     0.04s 
SolveInternal: Parameters are assigned as
no_compute        = false
no_opt            = false
restart           = false
do_cispd          = false
econv             =1.0000000000e-04
maxrank (min,max) = (1,1)
Solving MP2 doubles
Information About All Pairs:
mp2_pair11           number=0 rank=  4 frozen=false
number of pairs=1
average rank   =4 (4.0000000000e+00)
largest rank   =4
PNOPairs Memory Information
Total: 0.0042524338 GB 
PNO  : 0.0042524338 GB 
KPNO : 0.0000000000 GB 
W    : 0.0000000000 GB 

timer:                                 truncate     0.00s     0.00s 
set mul_tol =0
wall time=24.0411851406 chunk=4 allK.size()=4 memory=0.0044159889 GB
timer:                             compute KPNO     0.77s     0.77s 
wall time=24.0860249996 chunk=4 allJ.size()=4 memory=0.0046613216 GB
timer:                             compute JPNO     0.04s     0.04s 
timer:                    compute Fock matrices     0.19s     0.19s 
timer:                             MRA compress     0.00s     0.00s 
timer:                          Transform Pairs     0.01s     0.01s 
timer:                             Canonicalize     0.01s     0.01s 
PNOPairs Memory Information
Total: 0.0085048676 GB 
PNO  : 0.0042524338 GB 
KPNO : 0.0042524338 GB 
W    : 0.0000000000 GB 

timer:                                 truncate     0.00s     0.00s 
timer:                   Fluctuation Potentials     0.69s     0.69s 
timer:                       Fluctuation Matrix     0.01s     0.01s 
PNOPairs Memory Information
Total: 0.0150470734 GB 
PNO  : 0.0042524338 GB 
KPNO : 0.0042524338 GB 
W    : 0.0065422058 GB 

PNOPairs Memory Information
Total: 0.0150470734 GB 
PNO  : 0.0042524338 GB 
KPNO : 0.0042524338 GB 
W    : 0.0065422058 GB 

timer:                                 truncate     0.00s     0.00s 
timer:                             PNO Overlaps     0.01s     0.01s 
t_iter =  0  Hylleraas energy =  0.0000000000  ||R||_F =  0.0803515834  conv =  no
subspace solution [*]   1.00000000

t_iter =  1  Hylleraas energy =  -0.0137627434  ||R||_F =  0.0000003798  conv =  yes
=======================================================

Hylleraas MP2 Energies

=======================================================
    i    j      singlet      triplet        Total
=======================================================
    1    1  -1.37627e-02  0.00000e+00 -1.37627e-02
=======================================================
Hylleraas MP2 Energies (singlet): -1.37627e-02
Hylleraas MP2 Energies (triplet):  0.00000e+00
Hylleraas MP2 Energies (total)  : -1.37627e-02
=======================================================
-------------------------------------------
Total Reg Energy  =-1.37627e-02
Total F12 Energy  = 0.00000e+00
Sum Energies Total=-1.37627e-02
-------------------------------------------
timer:                         Solve Amplitudes     0.00s     0.00s 
No optimization untill now: Compressing pno ranks with tighter threshold
1.00000e-10 instead of 1.00000e-08
pair11: density evals:
 [*]   0.00347385   0.00347385   0.00366467   0.05634831

pair11: # of PNOs reduced from  4  to  1  maxrank= 1
timer:                            compress PNOs     0.00s     0.00s 
timer:                             MRA compress     0.00s     0.00s 
timer:                          Transform Pairs     0.00s     0.00s 
timer:                          PNO Compression     0.01s     0.01s 
Information About All Pairs:
mp2_pair11           number=0 rank=  1 frozen=false
number of pairs=1
average rank   =1 (1.00000e+00)
largest rank   =1
saving vector of functions mp2_pair11
timer:                        save pnos on disc     0.00s     0.00s 
PNOPairs Memory Information
Total: 0.00458 GB 
PNO  : 0.00125 GB 
KPNO : 0.00133 GB 
W    : 0.00200 GB 

timer:                                 truncate     0.00s     0.00s 
timer:      compute densities for G application     0.00s     0.00s 
timer:                Prepare for G application     0.00s     0.00s 
timer:                                    add K     0.00s     0.00s 
size of all Vpsi potentials (without Vnuc and J) 0.00133 GB 
time=25.07726 chunk=1 Vpsi+Vnuc+J=0.00378 GB
time=25.08154 chunk=1 Vpsi+Vnuc+J=0.00378 GB (after truncation)
timer:                           Apply G to all     0.35s     0.35s 
timer:                       apply Q and update     0.00s     0.00s 
mp2_pair11 residual norms:
[0.39064]
mp2_pair11 scaled residual norms:
[0.09273]
timer:                          update all PNOs     0.36s     0.36s 
timer:                                     RRCD     0.01s     0.01s 
timer:                             MRA compress     0.00s     0.00s 
timer:                          Transform Pairs     0.00s     0.00s 
saving vector of functions mp2_pair11
timer:                        save pnos on disc     0.00s     0.00s 


No convergence yet. Energy change = 0.01376

timer:                        Whole Iteration 1     2.12s     2.12s 
Information About All Pairs:
mp2_pair11           number=0 rank=  1 frozen=false
number of pairs=1
average rank   =1 (1.00000)
largest rank   =1
PNOPairs Memory Information
Total: 0.00141 GB 
PNO  : 0.00141 GB 
KPNO : 0.00000 GB 
W    : 0.00000 GB 

timer:                                 truncate     0.01s     0.01s 
set mul_tol =0
wall time=25.71434 chunk=1 allK.size()=1 memory=0.00133 GB
timer:                             compute KPNO     0.32s     0.32s 
wall time=25.72252 chunk=1 allJ.size()=1 memory=0.00141 GB
timer:                             compute JPNO     0.01s     0.01s 
timer:                    compute Fock matrices     0.06s     0.06s 
timer:                             MRA compress     0.00s     0.00s 
timer:                          Transform Pairs     0.00s     0.00s 
timer:                             Canonicalize     0.00s     0.00s 
PNOPairs Memory Information
Total: 0.00274 GB 
PNO  : 0.00141 GB 
KPNO : 0.00133 GB 
W    : 0.00000 GB 

timer:                                 truncate     0.00s     0.00s 
timer:                   Fluctuation Potentials     0.23s     0.23s 
timer:                       Fluctuation Matrix     0.02s     0.02s 
PNOPairs Memory Information
Total: 0.00474 GB 
PNO  : 0.00141 GB 
KPNO : 0.00133 GB 
W    : 0.00200 GB 

PNOPairs Memory Information
Total: 0.00474 GB 
PNO  : 0.00141 GB 
KPNO : 0.00133 GB 
W    : 0.00200 GB 

timer:                                 truncate     0.00s     0.00s 
timer:                             PNO Overlaps     0.01s     0.01s 
t_iter =  0  Hylleraas energy =  0.00000  ||R||_F =  0.09381  conv =  no
subspace solution [*]   1.00000000

t_iter =  1  Hylleraas energy =  -0.01882  ||R||_F =  0.00000  conv =  yes
=======================================================

Hylleraas MP2 Energies

=======================================================
    i    j      singlet      triplet        Total
=======================================================
    1    1  -1.88204e-02  0.00000e+00 -1.88204e-02
=======================================================
Hylleraas MP2 Energies (singlet): -1.88204e-02
Hylleraas MP2 Energies (triplet):  0.00000e+00
Hylleraas MP2 Energies (total)  : -1.88204e-02
=======================================================
-------------------------------------------
Total Reg Energy  =-1.88204e-02
Total F12 Energy  = 0.00000e+00
Sum Energies Total=-1.88204e-02
-------------------------------------------
timer:                         Solve Amplitudes     0.00s     0.00s 
pair11: density evals:
 [*]   0.08049386

timer:                            compress PNOs     0.00s     0.00s 
timer:                             MRA compress     0.00s     0.00s 
timer:                          Transform Pairs     0.02s     0.02s 
timer:                          PNO Compression     0.02s     0.02s 
Information About All Pairs:
mp2_pair11           number=0 rank=  1 frozen=false
number of pairs=1
average rank   =1 (1.00000e+00)
largest rank   =1
saving vector of functions mp2_pair11
timer:                        save pnos on disc     0.00s     0.00s 
PNOPairs Memory Information
Total: 0.00474 GB 
PNO  : 0.00141 GB 
KPNO : 0.00133 GB 
W    : 0.00200 GB 

timer:                                 truncate     0.00s     0.00s 
timer:      compute densities for G application     0.00s     0.00s 
timer:                Prepare for G application     0.00s     0.00s 
timer:                                    add K     0.00s     0.00s 
size of all Vpsi potentials (without Vnuc and J) 0.00133 GB 
time=26.16865 chunk=1 Vpsi+Vnuc+J=0.00395 GB
time=26.16962 chunk=1 Vpsi+Vnuc+J=0.00395 GB (after truncation)
timer:                           Apply G to all     0.31s     0.31s 
timer:                       apply Q and update     0.00s     0.00s 
mp2_pair11 residual norms:
[0.11689]
mp2_pair11 scaled residual norms:
[0.03316]
timer:                          update all PNOs     0.32s     0.32s 
timer:                                     RRCD     0.00s     0.00s 
timer:                             MRA compress     0.00s     0.00s 
timer:                          Transform Pairs     0.00s     0.00s 
saving vector of functions mp2_pair11
timer:                        save pnos on disc     0.00s     0.00s 


No convergence yet. Energy change = 0.00506

timer:                        Whole Iteration 2     1.02s     1.02s 
Information About All Pairs:
mp2_pair11           number=0 rank=  1 frozen=false
number of pairs=1
average rank   =1 (1.00000)
largest rank   =1
PNOPairs Memory Information
Total: 0.00141 GB 
PNO  : 0.00141 GB 
KPNO : 0.00000 GB 
W    : 0.00000 GB 

timer:                                 truncate     0.00s     0.00s 
set mul_tol =0
wall time=26.64647 chunk=1 allK.size()=1 memory=0.00133 GB
timer:                             compute KPNO     0.24s     0.24s 
wall time=26.65495 chunk=1 allJ.size()=1 memory=0.00141 GB
timer:                             compute JPNO     0.01s     0.01s 
timer:                    compute Fock matrices     0.06s     0.06s 
timer:                             MRA compress     0.00s     0.00s 
timer:                          Transform Pairs     0.00s     0.00s 
timer:                             Canonicalize     0.00s     0.00s 
PNOPairs Memory Information
Total: 0.00274 GB 
PNO  : 0.00141 GB 
KPNO : 0.00133 GB 
W    : 0.00000 GB 

timer:                                 truncate     0.00s     0.00s 
timer:                   Fluctuation Potentials     0.18s     0.18s 
timer:                       Fluctuation Matrix     0.01s     0.01s 
PNOPairs Memory Information
Total: 0.00474 GB 
PNO  : 0.00141 GB 
KPNO : 0.00133 GB 
W    : 0.00200 GB 

PNOPairs Memory Information
Total: 0.00474 GB 
PNO  : 0.00141 GB 
KPNO : 0.00133 GB 
W    : 0.00200 GB 

timer:                                 truncate     0.00s     0.00s 
timer:                             PNO Overlaps     0.01s     0.01s 
t_iter =  0  Hylleraas energy =  0.00000  ||R||_F =  0.10415  conv =  no
subspace solution [*]   1.00000000

t_iter =  1  Hylleraas energy =  -0.02023  ||R||_F =  0.00000  conv =  yes
=======================================================

Hylleraas MP2 Energies

=======================================================
    i    j      singlet      triplet        Total
=======================================================
    1    1  -2.02264e-02  0.00000e+00 -2.02264e-02
=======================================================
Hylleraas MP2 Energies (singlet): -2.02264e-02
Hylleraas MP2 Energies (triplet):  0.00000e+00
Hylleraas MP2 Energies (total)  : -2.02264e-02
=======================================================
-------------------------------------------
Total Reg Energy  =-2.02264e-02
Total F12 Energy  = 0.00000e+00
Sum Energies Total=-2.02264e-02
-------------------------------------------
timer:                         Solve Amplitudes     0.00s     0.00s 
pair11: density evals:
 [*]   0.07543707

timer:                            compress PNOs     0.00s     0.00s 
timer:                             MRA compress     0.00s     0.00s 
timer:                          Transform Pairs     0.00s     0.00s 
timer:                          PNO Compression     0.00s     0.00s 
Information About All Pairs:
mp2_pair11           number=0 rank=  1 frozen=false
number of pairs=1
average rank   =1 (1.00000e+00)
largest rank   =1
saving vector of functions mp2_pair11
timer:                        save pnos on disc     0.00s     0.00s 
PNOPairs Memory Information
Total: 0.00474 GB 
PNO  : 0.00141 GB 
KPNO : 0.00133 GB 
W    : 0.00200 GB 

timer:                                 truncate     0.00s     0.00s 
timer:      compute densities for G application     0.00s     0.00s 
timer:                Prepare for G application     0.00s     0.00s 
timer:                                    add K     0.00s     0.00s 
size of all Vpsi potentials (without Vnuc and J) 0.00133 GB 
time=26.96111 chunk=1 Vpsi+Vnuc+J=0.00403 GB
time=26.96194 chunk=1 Vpsi+Vnuc+J=0.00403 GB (after truncation)
timer:                           Apply G to all     0.27s     0.27s 
timer:                       apply Q and update     0.00s     0.00s 
mp2_pair11 residual norms:
[0.05262]
mp2_pair11 scaled residual norms:
[0.01445]
timer:                          update all PNOs     0.28s     0.28s 
timer:                                     RRCD     0.00s     0.00s 
timer:                             MRA compress     0.00s     0.00s 
timer:                          Transform Pairs     0.00s     0.00s 
saving vector of functions mp2_pair11
timer:                        save pnos on disc     0.00s     0.00s 


No convergence yet. Energy change = 0.00141

timer:                        Whole Iteration 3     0.80s     0.80s 
Information About All Pairs:
mp2_pair11           number=0 rank=  1 frozen=false
number of pairs=1
average rank   =1 (1.00000)
largest rank   =1
PNOPairs Memory Information
Total: 0.00141 GB 
PNO  : 0.00141 GB 
KPNO : 0.00000 GB 
W    : 0.00000 GB 

timer:                                 truncate     0.00s     0.00s 
set mul_tol =0
wall time=27.45179 chunk=1 allK.size()=1 memory=0.00133 GB
timer:                             compute KPNO     0.24s     0.24s 
wall time=27.46038 chunk=1 allJ.size()=1 memory=0.00141 GB
timer:                             compute JPNO     0.01s     0.01s 
timer:                    compute Fock matrices     0.06s     0.06s 
timer:                             MRA compress     0.00s     0.00s 
timer:                          Transform Pairs     0.00s     0.00s 
timer:                             Canonicalize     0.00s     0.00s 
PNOPairs Memory Information
Total: 0.00274 GB 
PNO  : 0.00141 GB 
KPNO : 0.00133 GB 
W    : 0.00000 GB 

timer:                                 truncate     0.00s     0.00s 
timer:                   Fluctuation Potentials     0.20s     0.20s 
timer:                       Fluctuation Matrix     0.01s     0.01s 
PNOPairs Memory Information
Total: 0.00474 GB 
PNO  : 0.00141 GB 
KPNO : 0.00133 GB 
W    : 0.00200 GB 

PNOPairs Memory Information
Total: 0.00474 GB 
PNO  : 0.00141 GB 
KPNO : 0.00133 GB 
W    : 0.00200 GB 

timer:                                 truncate     0.00s     0.00s 
timer:                             PNO Overlaps     0.01s     0.01s 
t_iter =  0  Hylleraas energy =  0.00000  ||R||_F =  0.10852  conv =  no
subspace solution [*]   1.00000000

t_iter =  1  Hylleraas energy =  -0.02052  ||R||_F =  0.00000  conv =  yes
=======================================================

Hylleraas MP2 Energies

=======================================================
    i    j      singlet      triplet        Total
=======================================================
    1    1  -2.05173e-02  0.00000e+00 -2.05173e-02
=======================================================
Hylleraas MP2 Energies (singlet): -2.05173e-02
Hylleraas MP2 Energies (triplet):  0.00000e+00
Hylleraas MP2 Energies (total)  : -2.05173e-02
=======================================================
-------------------------------------------
Total Reg Energy  =-2.05173e-02
Total F12 Energy  = 0.00000e+00
Sum Energies Total=-2.05173e-02
-------------------------------------------
timer:                         Solve Amplitudes     0.00s     0.00s 
pair11: density evals:
 [*]   0.07148454

timer:                            compress PNOs     0.00s     0.00s 
timer:                             MRA compress     0.00s     0.00s 
timer:                          Transform Pairs     0.01s     0.01s 
timer:                          PNO Compression     0.01s     0.01s 
Information About All Pairs:
mp2_pair11           number=0 rank=  1 frozen=false
number of pairs=1
average rank   =1 (1.00000e+00)
largest rank   =1
saving vector of functions mp2_pair11
timer:                        save pnos on disc     0.00s     0.00s 
PNOPairs Memory Information
Total: 0.00474 GB 
PNO  : 0.00141 GB 
KPNO : 0.00133 GB 
W    : 0.00200 GB 

timer:                                 truncate     0.00s     0.00s 
timer:      compute densities for G application     0.00s     0.00s 
timer:                Prepare for G application     0.00s     0.00s 
timer:                                    add K     0.00s     0.00s 
size of all Vpsi potentials (without Vnuc and J) 0.00133 GB 
time=27.81880 chunk=1 Vpsi+Vnuc+J=0.00403 GB
time=27.81971 chunk=1 Vpsi+Vnuc+J=0.00403 GB (after truncation)
timer:                           Apply G to all     0.30s     0.30s 
timer:                       apply Q and update     0.00s     0.00s 
mp2_pair11 residual norms:
[0.02578]
mp2_pair11 scaled residual norms:
[0.00689]
timer:                          update all PNOs     0.30s     0.30s 
timer:                                     RRCD     0.00s     0.00s 
timer:                             MRA compress     0.00s     0.00s 
timer:                          Transform Pairs     0.00s     0.00s 
saving vector of functions mp2_pair11
timer:                        save pnos on disc     0.01s     0.01s 


No convergence yet. Energy change = 0.00029

timer:                        Whole Iteration 4     0.86s     0.86s 
Information About All Pairs:
mp2_pair11           number=0 rank=  1 frozen=false
number of pairs=1
average rank   =1 (1.00000)
largest rank   =1
PNOPairs Memory Information
Total: 0.00141 GB 
PNO  : 0.00141 GB 
KPNO : 0.00000 GB 
W    : 0.00000 GB 

timer:                                 truncate     0.00s     0.00s 
set mul_tol =0
wall time=28.32540 chunk=1 allK.size()=1 memory=0.00133 GB
timer:                             compute KPNO     0.25s     0.25s 
wall time=28.33409 chunk=1 allJ.size()=1 memory=0.00141 GB
timer:                             compute JPNO     0.01s     0.01s 
timer:                    compute Fock matrices     0.07s     0.07s 
timer:                             MRA compress     0.00s     0.00s 
timer:                          Transform Pairs     0.00s     0.00s 
timer:                             Canonicalize     0.00s     0.00s 
PNOPairs Memory Information
Total: 0.00274 GB 
PNO  : 0.00141 GB 
KPNO : 0.00133 GB 
W    : 0.00000 GB 

timer:                                 truncate     0.00s     0.00s 
timer:                   Fluctuation Potentials     0.20s     0.20s 
timer:                       Fluctuation Matrix     0.01s     0.01s 
PNOPairs Memory Information
Total: 0.00474 GB 
PNO  : 0.00141 GB 
KPNO : 0.00133 GB 
W    : 0.00200 GB 

PNOPairs Memory Information
Total: 0.00474 GB 
PNO  : 0.00141 GB 
KPNO : 0.00133 GB 
W    : 0.00200 GB 

timer:                                 truncate     0.00s     0.00s 
timer:                             PNO Overlaps     0.01s     0.01s 
t_iter =  0  Hylleraas energy =  0.00000  ||R||_F =  0.11059  conv =  no
subspace solution [*]   1.00000000

t_iter =  1  Hylleraas energy =  -0.02059  ||R||_F =  0.00000  conv =  yes
=======================================================

Hylleraas MP2 Energies

=======================================================
    i    j      singlet      triplet        Total
=======================================================
    1    1  -2.05863e-02  0.00000e+00 -2.05863e-02
=======================================================
Hylleraas MP2 Energies (singlet): -2.05863e-02
Hylleraas MP2 Energies (triplet):  0.00000e+00
Hylleraas MP2 Energies (total)  : -2.05863e-02
=======================================================
-------------------------------------------
Total Reg Energy  =-2.05863e-02
Total F12 Energy  = 0.00000e+00
Sum Energies Total=-2.05863e-02
-------------------------------------------
timer:                         Solve Amplitudes     0.00s     0.00s 
pair11: density evals:
 [*]   0.06930149

timer:                            compress PNOs     0.00s     0.00s 
timer:                             MRA compress     0.00s     0.00s 
timer:                          Transform Pairs     0.01s     0.01s 
timer:                          PNO Compression     0.01s     0.01s 
Information About All Pairs:
mp2_pair11           number=0 rank=  1 frozen=false
number of pairs=1
average rank   =1 (1.00000e+00)
largest rank   =1
saving vector of functions mp2_pair11
timer:                        save pnos on disc     0.00s     0.00s 
PNOPairs Memory Information
Total: 0.00474 GB 
PNO  : 0.00141 GB 
KPNO : 0.00133 GB 
W    : 0.00200 GB 

timer:                                 truncate     0.00s     0.00s 
timer:      compute densities for G application     0.00s     0.00s 
timer:                Prepare for G application     0.00s     0.00s 
timer:                                    add K     0.00s     0.00s 
size of all Vpsi potentials (without Vnuc and J) 0.00133 GB 
time=28.69152 chunk=1 Vpsi+Vnuc+J=0.00403 GB
time=28.69236 chunk=1 Vpsi+Vnuc+J=0.00403 GB (after truncation)
timer:                           Apply G to all     0.27s     0.27s 
timer:                       apply Q and update     0.00s     0.00s 
mp2_pair11 residual norms:
[0.01290]
mp2_pair11 scaled residual norms:
[0.00340]
timer:                          update all PNOs     0.27s     0.27s 
timer:                                     RRCD     0.00s     0.00s 
timer:                             MRA compress     0.00s     0.00s 
timer:                          Transform Pairs     0.00s     0.00s 
saving vector of functions mp2_pair11
timer:                        save pnos on disc     0.00s     0.00s 


CONVERGED!
energy change = 0.00007

re-entering loop to compute the correct amplitudes and energies
timer:                        Whole Iteration 5     0.86s     0.86s 
Information About All Pairs:
mp2_pair11           number=0 rank=  1 frozen=false
number of pairs=1
average rank   =1 (1.00000)
largest rank   =1
PNOPairs Memory Information
Total: 0.00141 GB 
PNO  : 0.00141 GB 
KPNO : 0.00000 GB 
W    : 0.00000 GB 

timer:                                 truncate     0.00s     0.00s 
set mul_tol =0
wall time=29.17605 chunk=1 allK.size()=1 memory=0.00133 GB
timer:                             compute KPNO     0.24s     0.24s 
wall time=29.18425 chunk=1 allJ.size()=1 memory=0.00141 GB
timer:                             compute JPNO     0.01s     0.01s 
timer:                    compute Fock matrices     0.06s     0.06s 
timer:                             MRA compress     0.00s     0.00s 
timer:                          Transform Pairs     0.00s     0.00s 
timer:                             Canonicalize     0.00s     0.00s 
PNOPairs Memory Information
Total: 0.00274 GB 
PNO  : 0.00141 GB 
KPNO : 0.00133 GB 
W    : 0.00000 GB 

timer:                                 truncate     0.00s     0.00s 
timer:                   Fluctuation Potentials     0.18s     0.18s 
timer:                       Fluctuation Matrix     0.01s     0.01s 
PNOPairs Memory Information
Total: 0.00474 GB 
PNO  : 0.00141 GB 
KPNO : 0.00133 GB 
W    : 0.00200 GB 

PNOPairs Memory Information
Total: 0.00474 GB 
PNO  : 0.00141 GB 
KPNO : 0.00133 GB 
W    : 0.00200 GB 

timer:                                 truncate     0.00s     0.00s 
timer:                             PNO Overlaps     0.01s     0.01s 
t_iter =  0  Hylleraas energy =  0.00000  ||R||_F =  0.11160  conv =  no
subspace solution [*]   1.00000000

t_iter =  1  Hylleraas energy =  -0.02060  ||R||_F =  0.00000  conv =  yes
=======================================================

Hylleraas MP2 Energies

=======================================================
    i    j      singlet      triplet        Total
=======================================================
    1    1  -2.06030e-02  0.00000e+00 -2.06030e-02
=======================================================
Hylleraas MP2 Energies (singlet): -2.06030e-02
Hylleraas MP2 Energies (triplet):  0.00000e+00
Hylleraas MP2 Energies (total)  : -2.06030e-02
=======================================================
-------------------------------------------
Total Reg Energy  =-2.06030e-02
Total F12 Energy  = 0.00000e+00
Sum Energies Total=-2.06030e-02
-------------------------------------------
timer:                         Solve Amplitudes     0.00s     0.00s 
pair11: density evals:
 [*]   0.06816207

timer:                            compress PNOs     0.00s     0.00s 
timer:                             MRA compress     0.00s     0.00s 
timer:                          Transform Pairs     0.00s     0.00s 
timer:                          PNO Compression     0.00s     0.00s 
Information About All Pairs:
mp2_pair11           number=0 rank=  1 frozen=false
number of pairs=1
average rank   =1 (1.00000e+00)
largest rank   =1
saving vector of functions mp2_pair11
timer:                        save pnos on disc     0.00s     0.00s 
exiting: Iterations converged
PNO ranks:
PNO Rank for pair pair11 = 1
average rank 1.00000e+00
timer:                               PNO::solve     6.49s     6.49s 

--------------------------------
ITERATE-PAIRS-INTERNAL-ENDED
--------------------------------



Adaptive Sovler:
 Current Energy=-2.0602994573e-02
 DeltaE        =-2.0602994573e-02
 max dE (pair) =-2.0602994573e-02 (0)
 all_pairs_conv=false




not converged yet

Maximum Rank of1 reached for all non-frozen pairs, no need to iterate further=======================================================

Final MP2 Energies

=======================================================
    i    j      singlet      triplet        Total
=======================================================
    1    1  -2.06030e-02  0.00000e+00 -2.06030e-02
=======================================================
Final MP2 Energies (singlet): -2.06030e-02
Final MP2 Energies (triplet):  0.00000e+00
Final MP2 Energies (total)  : -2.06030e-02
=======================================================
-------------------------------------------
Total Reg Energy  =-2.06030e-02
Total F12 Energy  = 0.00000e+00
Sum Energies Total=-2.06030e-02
-------------------------------------------
Average | Max Rank: 1 | 1



--------------------------------------------------
MRA-PNO-MP2-F12 ended 
--------------------------------------------------
                 time scf = 2.16704e+01
               energy scf = -7.87395e+00
--------------------------------------------------
restarting PNO to reload pairs that converged before and were frozen
PNO Parameters
pno
       rank_increase  15         # default   maximum rank to increase in every macroiteration
               chunk  100        # default   chunk of functions operated on in parallel when G or K is applied (prevent 
                                 #           memory shortage)
               debug  false      # default   debug mode
              freeze  1          # derived   frozen core approximation
             maxrank  1          # defined   maximal pno rank for all pairs
           guesstype  exop       # derived   the guesstype: exop (recommended, multiply polynomial excitation operators 
                                 #           onto the occupied orbitals), empty (don't compute a guess), scf (use the 
                                 #           ao basis from the SCF solver), partial_wave (create s,p,d ..., type 
                                 #           functions and place on atoms), predefined (same as partial_wave but for 
                                 #           predefined sets)
                exop  multipole  # derived   this string defines which excitation operators can be used, use 'dipole', 
                                 #           'dipole+', 'quadrupole', 'ocopole', or 'multipole', need to set guesstype 
                                 #           to 'exop' which is the default
          exop_trigo  true       # default   use trigonometric excitation operators ( x --> sin(x)
        partial_wave             # default   atom centered partial wave guess of format like 'h-2s1p-o-3s2p1d', need to 
                                 #           set guesstype to 'partial_wave' and adaptive_solver to 'none'
          predefined             # default   predefined partial wave guesses of type pvxz with x=d,t,q,5,6, need to set 
                                 #           guesstype to 'predefined' and adaptive_solver to 'none'
           maxiter_t  100        # default   maximal number of iterations in the amplitude solver
       maxiter_micro  10         # default   Maximum of iterations for every cycle in the adaptive solver
       maxiter_macro  10         # default   Maximum of iterations of cycles in the adaptive solver
                tpno  1.0000e-08 # default   PNO cutoff threshold
          tpno_tight  1.0000e-10 # derived   PNO cutoff for the first iteration
    canonicalize_pno  true       # default   canonicalize the pnos before the amplitude solver
              thresh  1.0000e-04 # defined   MRA threshold
         econv_micro  1.0000e-04 # derived   Energy convergence for microiterations (Greens function based 
                                 #           optimization) in adaptive solver
         econv_pairs  1.0000e-05 # derived   ENergy convergence for individual pairs in adaptive solver. Converged 
                                 #           pairs are frozen automatically
         econv_macro  1.0000e-04 # derived   Energy convergence for macroiterations in adaptive solver, no effect if 
                                 #           adaptive_solver is deactivated
               dconv  1.0000e-01 # default   convergence of every PNO in the Green's function solver
           op_thresh  1.0000e-06 # default   MRA operator thresh
             restart  all        # defined   restart pairs of this type, use 'mp2', 'cispd', 'all' or 'none'
          no_compute  none       # default   do not compute the pairs of this type, use 'mp2', 'cispd', 'all' or 'none' 
                                 #
              no_opt  all        # defined   do not optimize the pnos of this type, use 'mp2', 'cispd', 'all' or 'none' 
                                 #
            no_guess  all        # defined   guess for this type will be empty, use 'mp2', 'cispd', 'all' or 'none'
     adaptive_solver  none       # defined   Use adaptive solver for those pairs, use 'mp2', 'cispd', 'all' or 'none', 
                                 #           works only in combination with guesstype 'exop'
                kain  true       # default   use KAIN solver in amplitude solver
       kain_subspace  5          # default   subspace size of the KAIN solver (amplitudes)
                 f12  false      # defined   use explicit correlation
        cispd_number  -1         # default   CIS(D) excitation numbers, to read in correct functions
        cispd_energy  0.0000e+00 # default   CIS energy
        freeze_pairs  none       # default   frozen pairs will not be optimized: Expected format 'a b c d' will freeze 
                                 #           pairs ab and cd
freeze_pairs_of_orbital  []         # default    All pairs which originate from this orbital will not be optimized
active_pairs_of_orbital  []         # default    All pairs which originate from this orbital will not be frozen all 
                                 #              other pairs will, if this vector is not empty
no_opt_in_first_iteration  false      # default   Do not optimize in the first iteration (then the potentials do not 
                                 #                have to be evaluated, use this for large guesses)
            exchange  full       # default   approximate exchange with 'neglect' or xc functional -> same syntax as 
                                 #           moldft
           save_pnos  true       # default   Save the OBS-PNOs to a file, before and after orthonormalization.
            diagonal  true       # defined   Compute only diagonal PNOs
end

**********************
Solve PNO-MP2
*********************


**********************
Iterate Pairs
*********************


************************
Standard Solver
***********************

Initializing Pairs:
Restart demanded for mp2 pairs
loading vector of functions mp2_pair11
Found PNOs for mp2_pair11 with rank 1
no guess was explicitly demanded for mp2

timer:                                     RRCD     0.00s     0.00s 
timer:                             MRA compress     0.00s     0.00s 
timer:                          Transform Pairs     0.00s     0.00s 
timer:          apply Q and orthonormalize PNOs     0.01s     0.01s 
Created Guess:
pair11 with 1 guess functions
guess pair11 size: 1.4106631279e-03 | 1.4106631279e-03 Gbyte (after truncation)
timer:                           truncate guess     0.00s     0.00s 
timer:                         Initialize Pairs     0.01s     0.01s 
Information About All Pairs:
mp2_pair11           number=0 rank=  1 frozen=false
number of pairs=1
average rank   =1 (1.0000000000e+00)
largest rank   =1
SolveInternal: Parameters are assigned as
no_compute        = false
no_opt            = true
restart           = true
do_cispd          = false
econv             =1.0000000000e-04
maxrank (min,max) = (1,1)
Solving MP2 doubles
Information About All Pairs:
mp2_pair11           number=0 rank=  1 frozen=false
number of pairs=1
average rank   =1 (1.0000000000e+00)
largest rank   =1
PNOPairs Memory Information
Total: 0.0014106631 GB 
PNO  : 0.0014106631 GB 
KPNO : 0.0000000000 GB 
W    : 0.0000000000 GB 

timer:                                 truncate     0.00s     0.00s 
set mul_tol =0
wall time=29.9756760597 chunk=1 allK.size()=1 memory=0.0013288856 GB
timer:                             compute KPNO     0.24s     0.24s 
wall time=29.9843029976 chunk=1 allJ.size()=1 memory=0.0014106631 GB
timer:                             compute JPNO     0.01s     0.01s 
timer:                    compute Fock matrices     0.06s     0.06s 
timer:                             MRA compress     0.00s     0.00s 
timer:                          Transform Pairs     0.00s     0.00s 
timer:                             Canonicalize     0.00s     0.00s 
PNOPairs Memory Information
Total: 0.0027395487 GB 
PNO  : 0.0014106631 GB 
KPNO : 0.0013288856 GB 
W    : 0.0000000000 GB 

timer:                                 truncate     0.00s     0.00s 
timer:                   Fluctuation Potentials     0.18s     0.18s 
timer:                       Fluctuation Matrix     0.01s     0.01s 
PNOPairs Memory Information
Total: 0.0047430992 GB 
PNO  : 0.0014106631 GB 
KPNO : 0.0013288856 GB 
W    : 0.0020035505 GB 

PNOPairs Memory Information
Total: 0.0047430992 GB 
PNO  : 0.0014106631 GB 
KPNO : 0.0013288856 GB 
W    : 0.0020035505 GB 

timer:                                 truncate     0.00s     0.00s 
timer:                             PNO Overlaps     0.01s     0.01s 
t_iter =  0  Hylleraas energy =  0.0000000000  ||R||_F =  0.1116030251  conv =  no
subspace solution [*]   1.00000000

t_iter =  1  Hylleraas energy =  -0.0206032092  ||R||_F =  0.0000000000  conv =  yes
=======================================================

Hylleraas MP2 Energies

=======================================================
    i    j      singlet      triplet        Total
=======================================================
    1    1  -2.06032e-02  0.00000e+00 -2.06032e-02
=======================================================
Hylleraas MP2 Energies (singlet): -2.06032e-02
Hylleraas MP2 Energies (triplet):  0.00000e+00
Hylleraas MP2 Energies (total)  : -2.06032e-02
=======================================================
-------------------------------------------
Total Reg Energy  =-2.06032e-02
Total F12 Energy  = 0.00000e+00
Sum Energies Total=-2.06032e-02
-------------------------------------------
timer:                         Solve Amplitudes     0.00s     0.00s 
No optimization untill now: Compressing pno ranks with tighter threshold
1.00000e-10 instead of 1.00000e-08
pair11: density evals:
 [*]   0.06816286

timer:                            compress PNOs     0.00s     0.00s 
timer:                             MRA compress     0.00s     0.00s 
timer:                          Transform Pairs     0.00s     0.00s 
timer:                          PNO Compression     0.00s     0.00s 
Information About All Pairs:
mp2_pair11           number=0 rank=  1 frozen=false
number of pairs=1
average rank   =1 (1.00000e+00)
largest rank   =1
saving vector of functions mp2_pair11
timer:                        save pnos on disc     0.00s     0.00s 
exiting: Found no_opt keyword
PNO ranks:
PNO Rank for pair pair11 = 1
average rank 1.00000e+00
timer:                               PNO::solve     0.78s     0.78s 

--------------------------------
ITERATE-PAIRS-INTERNAL-ENDED
--------------------------------
=======================================================

Final MP2 Energies

=======================================================
    i    j      singlet      triplet        Total
=======================================================
    1    1  -2.06032e-02  0.00000e+00 -2.06032e-02
=======================================================
Final MP2 Energies (singlet): -2.06032e-02
Final MP2 Energies (triplet):  0.00000e+00
Final MP2 Energies (total)  : -2.06032e-02
=======================================================
-------------------------------------------
Total Reg Energy  =-2.06032e-02
Total F12 Energy  = 0.00000e+00
Sum Energies Total=-2.06032e-02
-------------------------------------------
Average | Max Rank: 1 | 1
                 time pno = 7.62512e+00
               energy mp2 = -2.06032e-02
     average pno rank mp2 = 1
         max pno rank mp2 = 1
--------------------------------------------------
            energy(total) = -7.89456e+00
--------------------------------------------------



Orthonormalization technique used: symmetric
No CABS used.
Tightening thresholds to +0.00010000 for post-processing
adding pair11
Overlap Matrix of all PNOs:
+0.99999994 
Before cherry pick
rank is +0
all used occupation numbers:
[+0.06816286 ]
corresponding to active pairs:
[(0,0) ]
After cherry pick
all used occupation numbers:
[+0.06816286 ]
corresponding to active pairs:
[(0,0) ]
Overlap Matrix before symmetric
[+0,*]  +0.99999994
Overlap Matrix after symmetric
[+0,*]  +1.00000000
Adding 2 HF orbitals
Size before adding CABS: 3.
Size after adding CABS: 3.
Compute G and F Tensor:
Assemble g,f using symmetries...
non zero elements:
 g : +154
 h : +9
Overlap over whole basis
[+0,*]  +1.00000000  -0.00000022  +0.00000028
[+1,*]  -0.00000022  +1.00000000  +0.00000008
[+2,*]  +0.00000028  +0.00000008  +1.00000000

||S-1||=+0.00000052
finished at time 32.7

    Parallel environment
    --------------------
                  #nodes    1
       #threads per node    11+main = 12
          #total threads    12

  RMI message statistics (min / avg / max)
  ----------------------
   #messages in server q    0.00e+00 / 0.00e+00 / 0.00e+00
 #messages sent per node    0.00e+00 / 0.00e+00 / 0.00e+00
    #bytes sent per node    0.00e+00 / 0.00e+00 / 0.00e+00
 #messages recv per node    0.00e+00 / 0.00e+00 / 0.00e+00
    #bytes recv per node    0.00e+00 / 0.00e+00 / 0.00e+00
        #msgs systemwide    0.00e+00
       #bytes systemwide    0.00e+00

  Thread pool statistics (min / avg / max)
  ----------------------
         #tasks per node    7.30e+06 / 7.30e+06 / 7.30e+06
     #max q len per node    6.21e+03 / 6.21e+03 / 6.21e+03
  #hi-pri tasks per node    2.28e+06 / 2.28e+06 / 2.28e+06

         Total wall time    32.7s
         Total  cpu time    32.7s

